<?xml version="1.0" encoding="utf-8"?><testsuite errors="0" failures="2" name="pytest" skips="0" tests="22" time="223.136"><testcase classname="test_dispute_proxy" file="test_dispute_proxy.py" line="6" name="test_proxy_deposit" time="14.389494180679321"><system-out>proxy: defaultAccount:0x22114F40Ed222e83Bbd88DC6cbb3B9A136299A23
</system-out><system-err>2018-06-12 23:23:09,453 [DEBUG] cpchain.chain.agents: You have deposited 1000 to contract 0x751498F10070716BbEA3AC2F91352426493D7C4B! Tx hash b&apos;\x82\xfb\xee\xae\n\xc8+\xe8\xf0\xb43\x9d\xa8\x10\xfd-\xe4k@\x17\xd6\x07\xb8\xf88\x06\xe9\n)\xd6\x1b\xc7&apos;
2018-06-12 23:23:17,083 [DEBUG] cpchain.chain.agents: You have withdrawn 499 from contract 0x751498F10070716BbEA3AC2F91352426493D7C4B! Tx hash b&apos;0\xce\x01\x85\xa2\xfd\x97\x00\xa76\x97\xe2d\xcf\x886\xe2\xb6\xe2g\xaf\x9e\xbd\xed\x18\xcc\xf7\xa7\x15\x0b\xfa\xc4&apos;
</system-err></testcase><testcase classname="test_dispute_proxy" file="test_dispute_proxy.py" line="17" name="test_place_order" time="2.5411715507507324"><system-out>buyer: defaultAccount:0x22114F40Ed222e83Bbd88DC6cbb3B9A136299A23
</system-out><system-err>2018-06-12 23:23:21,106 [DEBUG] cpchain.chain.agents: Thank you for using CPChain! Initiated Tx hash b&apos;]\x04\x9a[\xc8\x8e \xb6.\x1c\xe6$\x03Z \xd7L\xbd\x85k\x8f\x14\xf7\xde\xfa\x938\x15;/p\xd9&apos;
2018-06-12 23:23:23,397 [DEBUG] cpchain.chain.agents: TransactionID: 1
2018-06-12 23:23:23,437 [DEBUG] cpchain.chain.agents: Order record NO.1: [b&apos;\x00\x01\x02\x03\x00\x01\x02\x03\x00\x01\x02\x03\x00\x01\x02\x03\x00\x01\x02\x03\x00\x01\x02\x03\x00\x01\x02\x03\x00\x01\x02\x03&apos;, b&apos;0\x82\x02&quot;0\r\x06\t*\x86H\x86\xf7\r\x01\x01\x01\x05\x00\x03\x82\x02\x0f\x000\x82\x02\n\x02\x82\x02\x01\x00\xba\xfcA\xe6\xe3\xe2\xeem\xb3\xf7\x11\x98\xba@\x84n*\xfc*\xe8\x8b&quot;\xf8\x08\xcb\x12\xc7\xf8\xe0_u\x81\x91\xfdO:\x81\xea\xfd\xae\xfa}\xdcG\x91\x8c\xff\xab\x84\x10~\xa0\xe5\x9c\x8f\x9a\xc2f\x98T\x10\xf9\xa1&quot;\x1d,/\x86\rk\x13\xadp\xa4\xe0\x08\x88D?\xfa\xd3\x82Q)\x07/\xc2L\xe1\xc8\xf4\x97\x92^\xa7\xd0ULe!\xca\x84Bp\xbd\xbc\xd7\xc5\x94\x93\xa0\x89\xca\\!\x11\x8b\xd4d\x9cv*\x16?\xa1\x0e\xe9\xc9Z\xd0\xd8\x89\x9c\xbf\xa7\xb1K\x1e\x97\x81]\x83\xe6\xc9\x0c\xc4q\x8cPTt&amp;I\xc6\x00\xeb\xe6&amp;\xe9p\x9bQi\xc1\xdd:\xac\xc0\x15d\xd3\xbe\x11\xfb\x01\xf58\x1a\xaa\xfc\x96\xe9Y\x02S4\xbf\xa9\x10\xcd/5%q\xf7\x9f|\xcc\x88\x9f\xd1\xf4\x9c\xe9\xca*\xe7\xf6\xfdZ+\x17\x95n\x91\xd5j\xe84w\xcb4\t\x1bp\xe2#o\xbd\xf7h\xb9Z\xda\xeb\xf0%\xae\x84\xe0o,\x1bj\xd2\xf15j\x1b2\xb4zRM\xcc\x93\xaf\x9a\x88-\x99(\x81\x03\xd7Z\xcd\xdeV6\xe4\x8c\xef\xfbd.g\x93\xd9\xb28\xa4Y\x1aK&quot;J\xf8_\xc0\x113\x08v\xeb\xdc0\x8c\x7f`\xd8\x17\xe9\xf5\x1f8}\x1c5k\x82\xbc\x92m\xb0\xea\xb4\x9f\xc4\x02\xb1\xef8s=ra,\x03Y\x03\xe2\xc4\x1et\xabt!7\xa9\xa5\xa6\xa5ub\x00\x9ag\xb0\x9dm\xbb\xec&lt;\xdew\xc9\xb8\x11\x90\xa5PZ!,\x07#\xba\x0b\xdbc?\x86\x14\xdf\xcd\xa1/\x11\x9e\x0b\nK\xc5\x8eS\x0cU\x89\xf9_\xe8.\x01oJ\xa0@\xb6\xb0\xb7\xebG_\x81\x15\xa9\xe14\x92\x86\x82\x1c\xb5\xc5^\xb0\x13\xc8\xf9\x90\xa6\\\x80\x0f\x14S\x04\x9f\xd9\xd8+\xc5w\x1c\x89\x17\xd1\xdd\x11&quot;\xe2\x84]Ph\x90IJF$@\xea;\xd1g\xde\\\x14A\xbf\xefH~@\xfd\xc2\xed\x81f\xd2\x89\xb7\x06L\xe0w\x01\xe48\xe4\xeb\x83\x00\x7f\xb2\x8c\xf7\x07^\xda\x97\x81m\xde\xa5\xb0\xee\x08\xdaI\x11\x87JZ6\xd3\xed\&apos;?e\x95\x02\x03\x01\x00\x01&apos;, &apos;0x22114F40Ed222e83Bbd88DC6cbb3B9A136299A23&apos;, &apos;0x22114F40Ed222e83Bbd88DC6cbb3B9A136299A23&apos;, &apos;0x22114F40Ed222e83Bbd88DC6cbb3B9A136299A23&apos;, &apos;0x22114F40Ed222e83Bbd88DC6cbb3B9A136299A23&apos;, 20000000000000000000, 10, b&apos;\x00\x00\x00\x00\x00\x00\x00\x00\x00\x00\x00\x00\x00\x00\x00\x00\x00\x00\x00\x00\x00\x00\x00\x00\x00\x00\x00\x00\x00\x00\x00\x00&apos;, 1528871062, 0, 0]

</system-err></testcase><testcase classname="test_dispute_proxy" file="test_dispute_proxy.py" line="38" name="test_seller_confirm_order" time="3.7127556800842285"><system-out>seller: defaultAccount:0x22114F40Ed222e83Bbd88DC6cbb3B9A136299A23
</system-out><system-err>2018-06-12 23:23:23,552 [DEBUG] cpchain.chain.agents: Order record NO.1: [b&apos;\x00\x01\x02\x03\x00\x01\x02\x03\x00\x01\x02\x03\x00\x01\x02\x03\x00\x01\x02\x03\x00\x01\x02\x03\x00\x01\x02\x03\x00\x01\x02\x03&apos;, b&apos;0\x82\x02&quot;0\r\x06\t*\x86H\x86\xf7\r\x01\x01\x01\x05\x00\x03\x82\x02\x0f\x000\x82\x02\n\x02\x82\x02\x01\x00\xba\xfcA\xe6\xe3\xe2\xeem\xb3\xf7\x11\x98\xba@\x84n*\xfc*\xe8\x8b&quot;\xf8\x08\xcb\x12\xc7\xf8\xe0_u\x81\x91\xfdO:\x81\xea\xfd\xae\xfa}\xdcG\x91\x8c\xff\xab\x84\x10~\xa0\xe5\x9c\x8f\x9a\xc2f\x98T\x10\xf9\xa1&quot;\x1d,/\x86\rk\x13\xadp\xa4\xe0\x08\x88D?\xfa\xd3\x82Q)\x07/\xc2L\xe1\xc8\xf4\x97\x92^\xa7\xd0ULe!\xca\x84Bp\xbd\xbc\xd7\xc5\x94\x93\xa0\x89\xca\\!\x11\x8b\xd4d\x9cv*\x16?\xa1\x0e\xe9\xc9Z\xd0\xd8\x89\x9c\xbf\xa7\xb1K\x1e\x97\x81]\x83\xe6\xc9\x0c\xc4q\x8cPTt&amp;I\xc6\x00\xeb\xe6&amp;\xe9p\x9bQi\xc1\xdd:\xac\xc0\x15d\xd3\xbe\x11\xfb\x01\xf58\x1a\xaa\xfc\x96\xe9Y\x02S4\xbf\xa9\x10\xcd/5%q\xf7\x9f|\xcc\x88\x9f\xd1\xf4\x9c\xe9\xca*\xe7\xf6\xfdZ+\x17\x95n\x91\xd5j\xe84w\xcb4\t\x1bp\xe2#o\xbd\xf7h\xb9Z\xda\xeb\xf0%\xae\x84\xe0o,\x1bj\xd2\xf15j\x1b2\xb4zRM\xcc\x93\xaf\x9a\x88-\x99(\x81\x03\xd7Z\xcd\xdeV6\xe4\x8c\xef\xfbd.g\x93\xd9\xb28\xa4Y\x1aK&quot;J\xf8_\xc0\x113\x08v\xeb\xdc0\x8c\x7f`\xd8\x17\xe9\xf5\x1f8}\x1c5k\x82\xbc\x92m\xb0\xea\xb4\x9f\xc4\x02\xb1\xef8s=ra,\x03Y\x03\xe2\xc4\x1et\xabt!7\xa9\xa5\xa6\xa5ub\x00\x9ag\xb0\x9dm\xbb\xec&lt;\xdew\xc9\xb8\x11\x90\xa5PZ!,\x07#\xba\x0b\xdbc?\x86\x14\xdf\xcd\xa1/\x11\x9e\x0b\nK\xc5\x8eS\x0cU\x89\xf9_\xe8.\x01oJ\xa0@\xb6\xb0\xb7\xebG_\x81\x15\xa9\xe14\x92\x86\x82\x1c\xb5\xc5^\xb0\x13\xc8\xf9\x90\xa6\\\x80\x0f\x14S\x04\x9f\xd9\xd8+\xc5w\x1c\x89\x17\xd1\xdd\x11&quot;\xe2\x84]Ph\x90IJF$@\xea;\xd1g\xde\\\x14A\xbf\xefH~@\xfd\xc2\xed\x81f\xd2\x89\xb7\x06L\xe0w\x01\xe48\xe4\xeb\x83\x00\x7f\xb2\x8c\xf7\x07^\xda\x97\x81m\xde\xa5\xb0\xee\x08\xdaI\x11\x87JZ6\xd3\xed\&apos;?e\x95\x02\x03\x01\x00\x01&apos;, &apos;0x22114F40Ed222e83Bbd88DC6cbb3B9A136299A23&apos;, &apos;0x22114F40Ed222e83Bbd88DC6cbb3B9A136299A23&apos;, &apos;0x22114F40Ed222e83Bbd88DC6cbb3B9A136299A23&apos;, &apos;0x22114F40Ed222e83Bbd88DC6cbb3B9A136299A23&apos;, 20000000000000000000, 10, b&apos;\x00\x00\x00\x00\x00\x00\x00\x00\x00\x00\x00\x00\x00\x00\x00\x00\x00\x00\x00\x00\x00\x00\x00\x00\x00\x00\x00\x00\x00\x00\x00\x00&apos;, 1528871062, 0, 0]

2018-06-12 23:23:23,630 [DEBUG] cpchain.chain.agents: You have confirmed the order:1 and deposited 20000000000000000000 to contract 0x751498F10070716BbEA3AC2F91352426493D7C4B
2018-06-12 23:23:27,149 [DEBUG] cpchain.chain.agents: Order record NO.1: [b&apos;\x00\x01\x02\x03\x00\x01\x02\x03\x00\x01\x02\x03\x00\x01\x02\x03\x00\x01\x02\x03\x00\x01\x02\x03\x00\x01\x02\x03\x00\x01\x02\x03&apos;, b&apos;0\x82\x02&quot;0\r\x06\t*\x86H\x86\xf7\r\x01\x01\x01\x05\x00\x03\x82\x02\x0f\x000\x82\x02\n\x02\x82\x02\x01\x00\xba\xfcA\xe6\xe3\xe2\xeem\xb3\xf7\x11\x98\xba@\x84n*\xfc*\xe8\x8b&quot;\xf8\x08\xcb\x12\xc7\xf8\xe0_u\x81\x91\xfdO:\x81\xea\xfd\xae\xfa}\xdcG\x91\x8c\xff\xab\x84\x10~\xa0\xe5\x9c\x8f\x9a\xc2f\x98T\x10\xf9\xa1&quot;\x1d,/\x86\rk\x13\xadp\xa4\xe0\x08\x88D?\xfa\xd3\x82Q)\x07/\xc2L\xe1\xc8\xf4\x97\x92^\xa7\xd0ULe!\xca\x84Bp\xbd\xbc\xd7\xc5\x94\x93\xa0\x89\xca\\!\x11\x8b\xd4d\x9cv*\x16?\xa1\x0e\xe9\xc9Z\xd0\xd8\x89\x9c\xbf\xa7\xb1K\x1e\x97\x81]\x83\xe6\xc9\x0c\xc4q\x8cPTt&amp;I\xc6\x00\xeb\xe6&amp;\xe9p\x9bQi\xc1\xdd:\xac\xc0\x15d\xd3\xbe\x11\xfb\x01\xf58\x1a\xaa\xfc\x96\xe9Y\x02S4\xbf\xa9\x10\xcd/5%q\xf7\x9f|\xcc\x88\x9f\xd1\xf4\x9c\xe9\xca*\xe7\xf6\xfdZ+\x17\x95n\x91\xd5j\xe84w\xcb4\t\x1bp\xe2#o\xbd\xf7h\xb9Z\xda\xeb\xf0%\xae\x84\xe0o,\x1bj\xd2\xf15j\x1b2\xb4zRM\xcc\x93\xaf\x9a\x88-\x99(\x81\x03\xd7Z\xcd\xdeV6\xe4\x8c\xef\xfbd.g\x93\xd9\xb28\xa4Y\x1aK&quot;J\xf8_\xc0\x113\x08v\xeb\xdc0\x8c\x7f`\xd8\x17\xe9\xf5\x1f8}\x1c5k\x82\xbc\x92m\xb0\xea\xb4\x9f\xc4\x02\xb1\xef8s=ra,\x03Y\x03\xe2\xc4\x1et\xabt!7\xa9\xa5\xa6\xa5ub\x00\x9ag\xb0\x9dm\xbb\xec&lt;\xdew\xc9\xb8\x11\x90\xa5PZ!,\x07#\xba\x0b\xdbc?\x86\x14\xdf\xcd\xa1/\x11\x9e\x0b\nK\xc5\x8eS\x0cU\x89\xf9_\xe8.\x01oJ\xa0@\xb6\xb0\xb7\xebG_\x81\x15\xa9\xe14\x92\x86\x82\x1c\xb5\xc5^\xb0\x13\xc8\xf9\x90\xa6\\\x80\x0f\x14S\x04\x9f\xd9\xd8+\xc5w\x1c\x89\x17\xd1\xdd\x11&quot;\xe2\x84]Ph\x90IJF$@\xea;\xd1g\xde\\\x14A\xbf\xefH~@\xfd\xc2\xed\x81f\xd2\x89\xb7\x06L\xe0w\x01\xe48\xe4\xeb\x83\x00\x7f\xb2\x8c\xf7\x07^\xda\x97\x81m\xde\xa5\xb0\xee\x08\xdaI\x11\x87JZ6\xd3\xed\&apos;?e\x95\x02\x03\x01\x00\x01&apos;, &apos;0x22114F40Ed222e83Bbd88DC6cbb3B9A136299A23&apos;, &apos;0x22114F40Ed222e83Bbd88DC6cbb3B9A136299A23&apos;, &apos;0x22114F40Ed222e83Bbd88DC6cbb3B9A136299A23&apos;, &apos;0x22114F40Ed222e83Bbd88DC6cbb3B9A136299A23&apos;, 20000000000000000000, 10, b&apos;\x00\x00\x00\x00\x00\x00\x00\x00\x00\x00\x00\x00\x00\x00\x00\x00\x00\x00\x00\x00\x00\x00\x00\x00\x00\x00\x00\x00\x00\x00\x00\x00&apos;, 1528871062, 1, 0]

</system-err></testcase><testcase classname="test_dispute_proxy" file="test_dispute_proxy.py" line="43" name="test_proxy_fetched" time="12.565395593643188"><system-out>proxy: defaultAccount:0x22114F40Ed222e83Bbd88DC6cbb3B9A136299A23
</system-out><system-err>2018-06-12 23:23:27,265 [DEBUG] cpchain.chain.agents: Order record NO.1: [b&apos;\x00\x01\x02\x03\x00\x01\x02\x03\x00\x01\x02\x03\x00\x01\x02\x03\x00\x01\x02\x03\x00\x01\x02\x03\x00\x01\x02\x03\x00\x01\x02\x03&apos;, b&apos;0\x82\x02&quot;0\r\x06\t*\x86H\x86\xf7\r\x01\x01\x01\x05\x00\x03\x82\x02\x0f\x000\x82\x02\n\x02\x82\x02\x01\x00\xba\xfcA\xe6\xe3\xe2\xeem\xb3\xf7\x11\x98\xba@\x84n*\xfc*\xe8\x8b&quot;\xf8\x08\xcb\x12\xc7\xf8\xe0_u\x81\x91\xfdO:\x81\xea\xfd\xae\xfa}\xdcG\x91\x8c\xff\xab\x84\x10~\xa0\xe5\x9c\x8f\x9a\xc2f\x98T\x10\xf9\xa1&quot;\x1d,/\x86\rk\x13\xadp\xa4\xe0\x08\x88D?\xfa\xd3\x82Q)\x07/\xc2L\xe1\xc8\xf4\x97\x92^\xa7\xd0ULe!\xca\x84Bp\xbd\xbc\xd7\xc5\x94\x93\xa0\x89\xca\\!\x11\x8b\xd4d\x9cv*\x16?\xa1\x0e\xe9\xc9Z\xd0\xd8\x89\x9c\xbf\xa7\xb1K\x1e\x97\x81]\x83\xe6\xc9\x0c\xc4q\x8cPTt&amp;I\xc6\x00\xeb\xe6&amp;\xe9p\x9bQi\xc1\xdd:\xac\xc0\x15d\xd3\xbe\x11\xfb\x01\xf58\x1a\xaa\xfc\x96\xe9Y\x02S4\xbf\xa9\x10\xcd/5%q\xf7\x9f|\xcc\x88\x9f\xd1\xf4\x9c\xe9\xca*\xe7\xf6\xfdZ+\x17\x95n\x91\xd5j\xe84w\xcb4\t\x1bp\xe2#o\xbd\xf7h\xb9Z\xda\xeb\xf0%\xae\x84\xe0o,\x1bj\xd2\xf15j\x1b2\xb4zRM\xcc\x93\xaf\x9a\x88-\x99(\x81\x03\xd7Z\xcd\xdeV6\xe4\x8c\xef\xfbd.g\x93\xd9\xb28\xa4Y\x1aK&quot;J\xf8_\xc0\x113\x08v\xeb\xdc0\x8c\x7f`\xd8\x17\xe9\xf5\x1f8}\x1c5k\x82\xbc\x92m\xb0\xea\xb4\x9f\xc4\x02\xb1\xef8s=ra,\x03Y\x03\xe2\xc4\x1et\xabt!7\xa9\xa5\xa6\xa5ub\x00\x9ag\xb0\x9dm\xbb\xec&lt;\xdew\xc9\xb8\x11\x90\xa5PZ!,\x07#\xba\x0b\xdbc?\x86\x14\xdf\xcd\xa1/\x11\x9e\x0b\nK\xc5\x8eS\x0cU\x89\xf9_\xe8.\x01oJ\xa0@\xb6\xb0\xb7\xebG_\x81\x15\xa9\xe14\x92\x86\x82\x1c\xb5\xc5^\xb0\x13\xc8\xf9\x90\xa6\\\x80\x0f\x14S\x04\x9f\xd9\xd8+\xc5w\x1c\x89\x17\xd1\xdd\x11&quot;\xe2\x84]Ph\x90IJF$@\xea;\xd1g\xde\\\x14A\xbf\xefH~@\xfd\xc2\xed\x81f\xd2\x89\xb7\x06L\xe0w\x01\xe48\xe4\xeb\x83\x00\x7f\xb2\x8c\xf7\x07^\xda\x97\x81m\xde\xa5\xb0\xee\x08\xdaI\x11\x87JZ6\xd3\xed\&apos;?e\x95\x02\x03\x01\x00\x01&apos;, &apos;0x22114F40Ed222e83Bbd88DC6cbb3B9A136299A23&apos;, &apos;0x22114F40Ed222e83Bbd88DC6cbb3B9A136299A23&apos;, &apos;0x22114F40Ed222e83Bbd88DC6cbb3B9A136299A23&apos;, &apos;0x22114F40Ed222e83Bbd88DC6cbb3B9A136299A23&apos;, 20000000000000000000, 10, b&apos;\x00\x00\x00\x00\x00\x00\x00\x00\x00\x00\x00\x00\x00\x00\x00\x00\x00\x00\x00\x00\x00\x00\x00\x00\x00\x00\x00\x00\x00\x00\x00\x00&apos;, 1528871062, 1, 0]

2018-06-12 23:23:39,717 [DEBUG] cpchain.chain.agents: Order record NO.1: [b&apos;\x00\x01\x02\x03\x00\x01\x02\x03\x00\x01\x02\x03\x00\x01\x02\x03\x00\x01\x02\x03\x00\x01\x02\x03\x00\x01\x02\x03\x00\x01\x02\x03&apos;, b&apos;0\x82\x02&quot;0\r\x06\t*\x86H\x86\xf7\r\x01\x01\x01\x05\x00\x03\x82\x02\x0f\x000\x82\x02\n\x02\x82\x02\x01\x00\xba\xfcA\xe6\xe3\xe2\xeem\xb3\xf7\x11\x98\xba@\x84n*\xfc*\xe8\x8b&quot;\xf8\x08\xcb\x12\xc7\xf8\xe0_u\x81\x91\xfdO:\x81\xea\xfd\xae\xfa}\xdcG\x91\x8c\xff\xab\x84\x10~\xa0\xe5\x9c\x8f\x9a\xc2f\x98T\x10\xf9\xa1&quot;\x1d,/\x86\rk\x13\xadp\xa4\xe0\x08\x88D?\xfa\xd3\x82Q)\x07/\xc2L\xe1\xc8\xf4\x97\x92^\xa7\xd0ULe!\xca\x84Bp\xbd\xbc\xd7\xc5\x94\x93\xa0\x89\xca\\!\x11\x8b\xd4d\x9cv*\x16?\xa1\x0e\xe9\xc9Z\xd0\xd8\x89\x9c\xbf\xa7\xb1K\x1e\x97\x81]\x83\xe6\xc9\x0c\xc4q\x8cPTt&amp;I\xc6\x00\xeb\xe6&amp;\xe9p\x9bQi\xc1\xdd:\xac\xc0\x15d\xd3\xbe\x11\xfb\x01\xf58\x1a\xaa\xfc\x96\xe9Y\x02S4\xbf\xa9\x10\xcd/5%q\xf7\x9f|\xcc\x88\x9f\xd1\xf4\x9c\xe9\xca*\xe7\xf6\xfdZ+\x17\x95n\x91\xd5j\xe84w\xcb4\t\x1bp\xe2#o\xbd\xf7h\xb9Z\xda\xeb\xf0%\xae\x84\xe0o,\x1bj\xd2\xf15j\x1b2\xb4zRM\xcc\x93\xaf\x9a\x88-\x99(\x81\x03\xd7Z\xcd\xdeV6\xe4\x8c\xef\xfbd.g\x93\xd9\xb28\xa4Y\x1aK&quot;J\xf8_\xc0\x113\x08v\xeb\xdc0\x8c\x7f`\xd8\x17\xe9\xf5\x1f8}\x1c5k\x82\xbc\x92m\xb0\xea\xb4\x9f\xc4\x02\xb1\xef8s=ra,\x03Y\x03\xe2\xc4\x1et\xabt!7\xa9\xa5\xa6\xa5ub\x00\x9ag\xb0\x9dm\xbb\xec&lt;\xdew\xc9\xb8\x11\x90\xa5PZ!,\x07#\xba\x0b\xdbc?\x86\x14\xdf\xcd\xa1/\x11\x9e\x0b\nK\xc5\x8eS\x0cU\x89\xf9_\xe8.\x01oJ\xa0@\xb6\xb0\xb7\xebG_\x81\x15\xa9\xe14\x92\x86\x82\x1c\xb5\xc5^\xb0\x13\xc8\xf9\x90\xa6\\\x80\x0f\x14S\x04\x9f\xd9\xd8+\xc5w\x1c\x89\x17\xd1\xdd\x11&quot;\xe2\x84]Ph\x90IJF$@\xea;\xd1g\xde\\\x14A\xbf\xefH~@\xfd\xc2\xed\x81f\xd2\x89\xb7\x06L\xe0w\x01\xe48\xe4\xeb\x83\x00\x7f\xb2\x8c\xf7\x07^\xda\x97\x81m\xde\xa5\xb0\xee\x08\xdaI\x11\x87JZ6\xd3\xed\&apos;?e\x95\x02\x03\x01\x00\x01&apos;, &apos;0x22114F40Ed222e83Bbd88DC6cbb3B9A136299A23&apos;, &apos;0x22114F40Ed222e83Bbd88DC6cbb3B9A136299A23&apos;, &apos;0x22114F40Ed222e83Bbd88DC6cbb3B9A136299A23&apos;, &apos;0x22114F40Ed222e83Bbd88DC6cbb3B9A136299A23&apos;, 20000000000000000000, 10, b&apos;\x00\x00\x00\x00\x00\x00\x00\x00\x00\x00\x00\x00\x00\x00\x00\x00\x00\x00\x00\x00\x00\x00\x00\x00\x00\x00\x00\x00\x00\x00\x00\x00&apos;, 1528871062, 2, 0]

</system-err></testcase><testcase classname="test_dispute_proxy" file="test_dispute_proxy.py" line="49" name="test_proxy_delivered" time="5.4620513916015625"><system-out>proxy: defaultAccount:0x22114F40Ed222e83Bbd88DC6cbb3B9A136299A23
</system-out><system-err>2018-06-12 23:23:45,180 [DEBUG] cpchain.chain.agents: Order record NO.1: [b&apos;\x00\x01\x02\x03\x00\x01\x02\x03\x00\x01\x02\x03\x00\x01\x02\x03\x00\x01\x02\x03\x00\x01\x02\x03\x00\x01\x02\x03\x00\x01\x02\x03&apos;, b&apos;0\x82\x02&quot;0\r\x06\t*\x86H\x86\xf7\r\x01\x01\x01\x05\x00\x03\x82\x02\x0f\x000\x82\x02\n\x02\x82\x02\x01\x00\xba\xfcA\xe6\xe3\xe2\xeem\xb3\xf7\x11\x98\xba@\x84n*\xfc*\xe8\x8b&quot;\xf8\x08\xcb\x12\xc7\xf8\xe0_u\x81\x91\xfdO:\x81\xea\xfd\xae\xfa}\xdcG\x91\x8c\xff\xab\x84\x10~\xa0\xe5\x9c\x8f\x9a\xc2f\x98T\x10\xf9\xa1&quot;\x1d,/\x86\rk\x13\xadp\xa4\xe0\x08\x88D?\xfa\xd3\x82Q)\x07/\xc2L\xe1\xc8\xf4\x97\x92^\xa7\xd0ULe!\xca\x84Bp\xbd\xbc\xd7\xc5\x94\x93\xa0\x89\xca\\!\x11\x8b\xd4d\x9cv*\x16?\xa1\x0e\xe9\xc9Z\xd0\xd8\x89\x9c\xbf\xa7\xb1K\x1e\x97\x81]\x83\xe6\xc9\x0c\xc4q\x8cPTt&amp;I\xc6\x00\xeb\xe6&amp;\xe9p\x9bQi\xc1\xdd:\xac\xc0\x15d\xd3\xbe\x11\xfb\x01\xf58\x1a\xaa\xfc\x96\xe9Y\x02S4\xbf\xa9\x10\xcd/5%q\xf7\x9f|\xcc\x88\x9f\xd1\xf4\x9c\xe9\xca*\xe7\xf6\xfdZ+\x17\x95n\x91\xd5j\xe84w\xcb4\t\x1bp\xe2#o\xbd\xf7h\xb9Z\xda\xeb\xf0%\xae\x84\xe0o,\x1bj\xd2\xf15j\x1b2\xb4zRM\xcc\x93\xaf\x9a\x88-\x99(\x81\x03\xd7Z\xcd\xdeV6\xe4\x8c\xef\xfbd.g\x93\xd9\xb28\xa4Y\x1aK&quot;J\xf8_\xc0\x113\x08v\xeb\xdc0\x8c\x7f`\xd8\x17\xe9\xf5\x1f8}\x1c5k\x82\xbc\x92m\xb0\xea\xb4\x9f\xc4\x02\xb1\xef8s=ra,\x03Y\x03\xe2\xc4\x1et\xabt!7\xa9\xa5\xa6\xa5ub\x00\x9ag\xb0\x9dm\xbb\xec&lt;\xdew\xc9\xb8\x11\x90\xa5PZ!,\x07#\xba\x0b\xdbc?\x86\x14\xdf\xcd\xa1/\x11\x9e\x0b\nK\xc5\x8eS\x0cU\x89\xf9_\xe8.\x01oJ\xa0@\xb6\xb0\xb7\xebG_\x81\x15\xa9\xe14\x92\x86\x82\x1c\xb5\xc5^\xb0\x13\xc8\xf9\x90\xa6\\\x80\x0f\x14S\x04\x9f\xd9\xd8+\xc5w\x1c\x89\x17\xd1\xdd\x11&quot;\xe2\x84]Ph\x90IJF$@\xea;\xd1g\xde\\\x14A\xbf\xefH~@\xfd\xc2\xed\x81f\xd2\x89\xb7\x06L\xe0w\x01\xe48\xe4\xeb\x83\x00\x7f\xb2\x8c\xf7\x07^\xda\x97\x81m\xde\xa5\xb0\xee\x08\xdaI\x11\x87JZ6\xd3\xed\&apos;?e\x95\x02\x03\x01\x00\x01&apos;, &apos;0x22114F40Ed222e83Bbd88DC6cbb3B9A136299A23&apos;, &apos;0x22114F40Ed222e83Bbd88DC6cbb3B9A136299A23&apos;, &apos;0x22114F40Ed222e83Bbd88DC6cbb3B9A136299A23&apos;, &apos;0x22114F40Ed222e83Bbd88DC6cbb3B9A136299A23&apos;, 20000000000000000000, 10, b&apos;\x00\x01\x02\x03\x00\x01\x02\x03\x00\x01\x02\x03\x00\x01\x02\x03\x00\x01\x02\x03\x00\x01\x02\x03\x00\x01\x02\x03\x00\x01\x02\x03&apos;, 1528871062, 3, 0]

</system-err></testcase><testcase classname="test_dispute_proxy" file="test_dispute_proxy.py" line="54" name="test_buyer_dispute" time="4.372302532196045"><system-err>2018-06-12 23:23:45,265 [DEBUG] cpchain.chain.agents: You have started a dispute! Tx hash b&apos;\xe8\xdb\x9eO\xbc\xc1\xd6\\@26^\xbb\xbc1,(\xedt)\x11\xbf\xd55I\x7f:P\xdb\xb0\x94\xe5&apos;
2018-06-12 23:23:49,522 [DEBUG] cpchain.chain.agents: Order record NO.1: [b&apos;\x00\x01\x02\x03\x00\x01\x02\x03\x00\x01\x02\x03\x00\x01\x02\x03\x00\x01\x02\x03\x00\x01\x02\x03\x00\x01\x02\x03\x00\x01\x02\x03&apos;, b&apos;0\x82\x02&quot;0\r\x06\t*\x86H\x86\xf7\r\x01\x01\x01\x05\x00\x03\x82\x02\x0f\x000\x82\x02\n\x02\x82\x02\x01\x00\xba\xfcA\xe6\xe3\xe2\xeem\xb3\xf7\x11\x98\xba@\x84n*\xfc*\xe8\x8b&quot;\xf8\x08\xcb\x12\xc7\xf8\xe0_u\x81\x91\xfdO:\x81\xea\xfd\xae\xfa}\xdcG\x91\x8c\xff\xab\x84\x10~\xa0\xe5\x9c\x8f\x9a\xc2f\x98T\x10\xf9\xa1&quot;\x1d,/\x86\rk\x13\xadp\xa4\xe0\x08\x88D?\xfa\xd3\x82Q)\x07/\xc2L\xe1\xc8\xf4\x97\x92^\xa7\xd0ULe!\xca\x84Bp\xbd\xbc\xd7\xc5\x94\x93\xa0\x89\xca\\!\x11\x8b\xd4d\x9cv*\x16?\xa1\x0e\xe9\xc9Z\xd0\xd8\x89\x9c\xbf\xa7\xb1K\x1e\x97\x81]\x83\xe6\xc9\x0c\xc4q\x8cPTt&amp;I\xc6\x00\xeb\xe6&amp;\xe9p\x9bQi\xc1\xdd:\xac\xc0\x15d\xd3\xbe\x11\xfb\x01\xf58\x1a\xaa\xfc\x96\xe9Y\x02S4\xbf\xa9\x10\xcd/5%q\xf7\x9f|\xcc\x88\x9f\xd1\xf4\x9c\xe9\xca*\xe7\xf6\xfdZ+\x17\x95n\x91\xd5j\xe84w\xcb4\t\x1bp\xe2#o\xbd\xf7h\xb9Z\xda\xeb\xf0%\xae\x84\xe0o,\x1bj\xd2\xf15j\x1b2\xb4zRM\xcc\x93\xaf\x9a\x88-\x99(\x81\x03\xd7Z\xcd\xdeV6\xe4\x8c\xef\xfbd.g\x93\xd9\xb28\xa4Y\x1aK&quot;J\xf8_\xc0\x113\x08v\xeb\xdc0\x8c\x7f`\xd8\x17\xe9\xf5\x1f8}\x1c5k\x82\xbc\x92m\xb0\xea\xb4\x9f\xc4\x02\xb1\xef8s=ra,\x03Y\x03\xe2\xc4\x1et\xabt!7\xa9\xa5\xa6\xa5ub\x00\x9ag\xb0\x9dm\xbb\xec&lt;\xdew\xc9\xb8\x11\x90\xa5PZ!,\x07#\xba\x0b\xdbc?\x86\x14\xdf\xcd\xa1/\x11\x9e\x0b\nK\xc5\x8eS\x0cU\x89\xf9_\xe8.\x01oJ\xa0@\xb6\xb0\xb7\xebG_\x81\x15\xa9\xe14\x92\x86\x82\x1c\xb5\xc5^\xb0\x13\xc8\xf9\x90\xa6\\\x80\x0f\x14S\x04\x9f\xd9\xd8+\xc5w\x1c\x89\x17\xd1\xdd\x11&quot;\xe2\x84]Ph\x90IJF$@\xea;\xd1g\xde\\\x14A\xbf\xefH~@\xfd\xc2\xed\x81f\xd2\x89\xb7\x06L\xe0w\x01\xe48\xe4\xeb\x83\x00\x7f\xb2\x8c\xf7\x07^\xda\x97\x81m\xde\xa5\xb0\xee\x08\xdaI\x11\x87JZ6\xd3\xed\&apos;?e\x95\x02\x03\x01\x00\x01&apos;, &apos;0x22114F40Ed222e83Bbd88DC6cbb3B9A136299A23&apos;, &apos;0x22114F40Ed222e83Bbd88DC6cbb3B9A136299A23&apos;, &apos;0x22114F40Ed222e83Bbd88DC6cbb3B9A136299A23&apos;, &apos;0x22114F40Ed222e83Bbd88DC6cbb3B9A136299A23&apos;, 20000000000000000000, 10, b&apos;\x00\x01\x02\x03\x00\x01\x02\x03\x00\x01\x02\x03\x00\x01\x02\x03\x00\x01\x02\x03\x00\x01\x02\x03\x00\x01\x02\x03\x00\x01\x02\x03&apos;, 1528871062, 8, 1]

2018-06-12 23:23:49,539 [DEBUG] cpchain.chain.agents: Order record NO.1: [b&apos;\x00\x01\x02\x03\x00\x01\x02\x03\x00\x01\x02\x03\x00\x01\x02\x03\x00\x01\x02\x03\x00\x01\x02\x03\x00\x01\x02\x03\x00\x01\x02\x03&apos;, b&apos;0\x82\x02&quot;0\r\x06\t*\x86H\x86\xf7\r\x01\x01\x01\x05\x00\x03\x82\x02\x0f\x000\x82\x02\n\x02\x82\x02\x01\x00\xba\xfcA\xe6\xe3\xe2\xeem\xb3\xf7\x11\x98\xba@\x84n*\xfc*\xe8\x8b&quot;\xf8\x08\xcb\x12\xc7\xf8\xe0_u\x81\x91\xfdO:\x81\xea\xfd\xae\xfa}\xdcG\x91\x8c\xff\xab\x84\x10~\xa0\xe5\x9c\x8f\x9a\xc2f\x98T\x10\xf9\xa1&quot;\x1d,/\x86\rk\x13\xadp\xa4\xe0\x08\x88D?\xfa\xd3\x82Q)\x07/\xc2L\xe1\xc8\xf4\x97\x92^\xa7\xd0ULe!\xca\x84Bp\xbd\xbc\xd7\xc5\x94\x93\xa0\x89\xca\\!\x11\x8b\xd4d\x9cv*\x16?\xa1\x0e\xe9\xc9Z\xd0\xd8\x89\x9c\xbf\xa7\xb1K\x1e\x97\x81]\x83\xe6\xc9\x0c\xc4q\x8cPTt&amp;I\xc6\x00\xeb\xe6&amp;\xe9p\x9bQi\xc1\xdd:\xac\xc0\x15d\xd3\xbe\x11\xfb\x01\xf58\x1a\xaa\xfc\x96\xe9Y\x02S4\xbf\xa9\x10\xcd/5%q\xf7\x9f|\xcc\x88\x9f\xd1\xf4\x9c\xe9\xca*\xe7\xf6\xfdZ+\x17\x95n\x91\xd5j\xe84w\xcb4\t\x1bp\xe2#o\xbd\xf7h\xb9Z\xda\xeb\xf0%\xae\x84\xe0o,\x1bj\xd2\xf15j\x1b2\xb4zRM\xcc\x93\xaf\x9a\x88-\x99(\x81\x03\xd7Z\xcd\xdeV6\xe4\x8c\xef\xfbd.g\x93\xd9\xb28\xa4Y\x1aK&quot;J\xf8_\xc0\x113\x08v\xeb\xdc0\x8c\x7f`\xd8\x17\xe9\xf5\x1f8}\x1c5k\x82\xbc\x92m\xb0\xea\xb4\x9f\xc4\x02\xb1\xef8s=ra,\x03Y\x03\xe2\xc4\x1et\xabt!7\xa9\xa5\xa6\xa5ub\x00\x9ag\xb0\x9dm\xbb\xec&lt;\xdew\xc9\xb8\x11\x90\xa5PZ!,\x07#\xba\x0b\xdbc?\x86\x14\xdf\xcd\xa1/\x11\x9e\x0b\nK\xc5\x8eS\x0cU\x89\xf9_\xe8.\x01oJ\xa0@\xb6\xb0\xb7\xebG_\x81\x15\xa9\xe14\x92\x86\x82\x1c\xb5\xc5^\xb0\x13\xc8\xf9\x90\xa6\\\x80\x0f\x14S\x04\x9f\xd9\xd8+\xc5w\x1c\x89\x17\xd1\xdd\x11&quot;\xe2\x84]Ph\x90IJF$@\xea;\xd1g\xde\\\x14A\xbf\xefH~@\xfd\xc2\xed\x81f\xd2\x89\xb7\x06L\xe0w\x01\xe48\xe4\xeb\x83\x00\x7f\xb2\x8c\xf7\x07^\xda\x97\x81m\xde\xa5\xb0\xee\x08\xdaI\x11\x87JZ6\xd3\xed\&apos;?e\x95\x02\x03\x01\x00\x01&apos;, &apos;0x22114F40Ed222e83Bbd88DC6cbb3B9A136299A23&apos;, &apos;0x22114F40Ed222e83Bbd88DC6cbb3B9A136299A23&apos;, &apos;0x22114F40Ed222e83Bbd88DC6cbb3B9A136299A23&apos;, &apos;0x22114F40Ed222e83Bbd88DC6cbb3B9A136299A23&apos;, 20000000000000000000, 10, b&apos;\x00\x01\x02\x03\x00\x01\x02\x03\x00\x01\x02\x03\x00\x01\x02\x03\x00\x01\x02\x03\x00\x01\x02\x03\x00\x01\x02\x03\x00\x01\x02\x03&apos;, 1528871062, 8, 1]

2018-06-12 23:23:49,558 [DEBUG] cpchain.chain.agents: Dispute record NO.1: [1, False, False, False, False, False, 1528871128, 0]

</system-err></testcase><testcase classname="test_dispute_proxy" file="test_dispute_proxy.py" line="61" name="test_proxy_handle_dispute" time="6.346698760986328"><system-out>proxy: defaultAccount:0x22114F40Ed222e83Bbd88DC6cbb3B9A136299A23
</system-out><system-err>2018-06-12 23:23:55,887 [DEBUG] cpchain.chain.agents: Order record NO.1: [b&apos;\x00\x01\x02\x03\x00\x01\x02\x03\x00\x01\x02\x03\x00\x01\x02\x03\x00\x01\x02\x03\x00\x01\x02\x03\x00\x01\x02\x03\x00\x01\x02\x03&apos;, b&apos;0\x82\x02&quot;0\r\x06\t*\x86H\x86\xf7\r\x01\x01\x01\x05\x00\x03\x82\x02\x0f\x000\x82\x02\n\x02\x82\x02\x01\x00\xba\xfcA\xe6\xe3\xe2\xeem\xb3\xf7\x11\x98\xba@\x84n*\xfc*\xe8\x8b&quot;\xf8\x08\xcb\x12\xc7\xf8\xe0_u\x81\x91\xfdO:\x81\xea\xfd\xae\xfa}\xdcG\x91\x8c\xff\xab\x84\x10~\xa0\xe5\x9c\x8f\x9a\xc2f\x98T\x10\xf9\xa1&quot;\x1d,/\x86\rk\x13\xadp\xa4\xe0\x08\x88D?\xfa\xd3\x82Q)\x07/\xc2L\xe1\xc8\xf4\x97\x92^\xa7\xd0ULe!\xca\x84Bp\xbd\xbc\xd7\xc5\x94\x93\xa0\x89\xca\\!\x11\x8b\xd4d\x9cv*\x16?\xa1\x0e\xe9\xc9Z\xd0\xd8\x89\x9c\xbf\xa7\xb1K\x1e\x97\x81]\x83\xe6\xc9\x0c\xc4q\x8cPTt&amp;I\xc6\x00\xeb\xe6&amp;\xe9p\x9bQi\xc1\xdd:\xac\xc0\x15d\xd3\xbe\x11\xfb\x01\xf58\x1a\xaa\xfc\x96\xe9Y\x02S4\xbf\xa9\x10\xcd/5%q\xf7\x9f|\xcc\x88\x9f\xd1\xf4\x9c\xe9\xca*\xe7\xf6\xfdZ+\x17\x95n\x91\xd5j\xe84w\xcb4\t\x1bp\xe2#o\xbd\xf7h\xb9Z\xda\xeb\xf0%\xae\x84\xe0o,\x1bj\xd2\xf15j\x1b2\xb4zRM\xcc\x93\xaf\x9a\x88-\x99(\x81\x03\xd7Z\xcd\xdeV6\xe4\x8c\xef\xfbd.g\x93\xd9\xb28\xa4Y\x1aK&quot;J\xf8_\xc0\x113\x08v\xeb\xdc0\x8c\x7f`\xd8\x17\xe9\xf5\x1f8}\x1c5k\x82\xbc\x92m\xb0\xea\xb4\x9f\xc4\x02\xb1\xef8s=ra,\x03Y\x03\xe2\xc4\x1et\xabt!7\xa9\xa5\xa6\xa5ub\x00\x9ag\xb0\x9dm\xbb\xec&lt;\xdew\xc9\xb8\x11\x90\xa5PZ!,\x07#\xba\x0b\xdbc?\x86\x14\xdf\xcd\xa1/\x11\x9e\x0b\nK\xc5\x8eS\x0cU\x89\xf9_\xe8.\x01oJ\xa0@\xb6\xb0\xb7\xebG_\x81\x15\xa9\xe14\x92\x86\x82\x1c\xb5\xc5^\xb0\x13\xc8\xf9\x90\xa6\\\x80\x0f\x14S\x04\x9f\xd9\xd8+\xc5w\x1c\x89\x17\xd1\xdd\x11&quot;\xe2\x84]Ph\x90IJF$@\xea;\xd1g\xde\\\x14A\xbf\xefH~@\xfd\xc2\xed\x81f\xd2\x89\xb7\x06L\xe0w\x01\xe48\xe4\xeb\x83\x00\x7f\xb2\x8c\xf7\x07^\xda\x97\x81m\xde\xa5\xb0\xee\x08\xdaI\x11\x87JZ6\xd3\xed\&apos;?e\x95\x02\x03\x01\x00\x01&apos;, &apos;0x22114F40Ed222e83Bbd88DC6cbb3B9A136299A23&apos;, &apos;0x22114F40Ed222e83Bbd88DC6cbb3B9A136299A23&apos;, &apos;0x22114F40Ed222e83Bbd88DC6cbb3B9A136299A23&apos;, &apos;0x22114F40Ed222e83Bbd88DC6cbb3B9A136299A23&apos;, 20000000000000000000, 10, b&apos;\x00\x01\x02\x03\x00\x01\x02\x03\x00\x01\x02\x03\x00\x01\x02\x03\x00\x01\x02\x03\x00\x01\x02\x03\x00\x01\x02\x03\x00\x01\x02\x03&apos;, 1528871062, 8, 1]

2018-06-12 23:23:55,904 [DEBUG] cpchain.chain.agents: Dispute record NO.1: [1, False, True, False, False, False, 1528871128, 1]

</system-err></testcase><testcase classname="test_dispute_proxy" file="test_dispute_proxy.py" line="72" name="test_buyer_agree" time="7.758952379226685"><system-err>2018-06-12 23:23:56,034 [DEBUG] cpchain.chain.agents: You are True agree with the dispute result
2018-06-12 23:24:03,649 [DEBUG] cpchain.chain.agents: Order record NO.1: [b&apos;\x00\x01\x02\x03\x00\x01\x02\x03\x00\x01\x02\x03\x00\x01\x02\x03\x00\x01\x02\x03\x00\x01\x02\x03\x00\x01\x02\x03\x00\x01\x02\x03&apos;, b&apos;0\x82\x02&quot;0\r\x06\t*\x86H\x86\xf7\r\x01\x01\x01\x05\x00\x03\x82\x02\x0f\x000\x82\x02\n\x02\x82\x02\x01\x00\xba\xfcA\xe6\xe3\xe2\xeem\xb3\xf7\x11\x98\xba@\x84n*\xfc*\xe8\x8b&quot;\xf8\x08\xcb\x12\xc7\xf8\xe0_u\x81\x91\xfdO:\x81\xea\xfd\xae\xfa}\xdcG\x91\x8c\xff\xab\x84\x10~\xa0\xe5\x9c\x8f\x9a\xc2f\x98T\x10\xf9\xa1&quot;\x1d,/\x86\rk\x13\xadp\xa4\xe0\x08\x88D?\xfa\xd3\x82Q)\x07/\xc2L\xe1\xc8\xf4\x97\x92^\xa7\xd0ULe!\xca\x84Bp\xbd\xbc\xd7\xc5\x94\x93\xa0\x89\xca\\!\x11\x8b\xd4d\x9cv*\x16?\xa1\x0e\xe9\xc9Z\xd0\xd8\x89\x9c\xbf\xa7\xb1K\x1e\x97\x81]\x83\xe6\xc9\x0c\xc4q\x8cPTt&amp;I\xc6\x00\xeb\xe6&amp;\xe9p\x9bQi\xc1\xdd:\xac\xc0\x15d\xd3\xbe\x11\xfb\x01\xf58\x1a\xaa\xfc\x96\xe9Y\x02S4\xbf\xa9\x10\xcd/5%q\xf7\x9f|\xcc\x88\x9f\xd1\xf4\x9c\xe9\xca*\xe7\xf6\xfdZ+\x17\x95n\x91\xd5j\xe84w\xcb4\t\x1bp\xe2#o\xbd\xf7h\xb9Z\xda\xeb\xf0%\xae\x84\xe0o,\x1bj\xd2\xf15j\x1b2\xb4zRM\xcc\x93\xaf\x9a\x88-\x99(\x81\x03\xd7Z\xcd\xdeV6\xe4\x8c\xef\xfbd.g\x93\xd9\xb28\xa4Y\x1aK&quot;J\xf8_\xc0\x113\x08v\xeb\xdc0\x8c\x7f`\xd8\x17\xe9\xf5\x1f8}\x1c5k\x82\xbc\x92m\xb0\xea\xb4\x9f\xc4\x02\xb1\xef8s=ra,\x03Y\x03\xe2\xc4\x1et\xabt!7\xa9\xa5\xa6\xa5ub\x00\x9ag\xb0\x9dm\xbb\xec&lt;\xdew\xc9\xb8\x11\x90\xa5PZ!,\x07#\xba\x0b\xdbc?\x86\x14\xdf\xcd\xa1/\x11\x9e\x0b\nK\xc5\x8eS\x0cU\x89\xf9_\xe8.\x01oJ\xa0@\xb6\xb0\xb7\xebG_\x81\x15\xa9\xe14\x92\x86\x82\x1c\xb5\xc5^\xb0\x13\xc8\xf9\x90\xa6\\\x80\x0f\x14S\x04\x9f\xd9\xd8+\xc5w\x1c\x89\x17\xd1\xdd\x11&quot;\xe2\x84]Ph\x90IJF$@\xea;\xd1g\xde\\\x14A\xbf\xefH~@\xfd\xc2\xed\x81f\xd2\x89\xb7\x06L\xe0w\x01\xe48\xe4\xeb\x83\x00\x7f\xb2\x8c\xf7\x07^\xda\x97\x81m\xde\xa5\xb0\xee\x08\xdaI\x11\x87JZ6\xd3\xed\&apos;?e\x95\x02\x03\x01\x00\x01&apos;, &apos;0x22114F40Ed222e83Bbd88DC6cbb3B9A136299A23&apos;, &apos;0x22114F40Ed222e83Bbd88DC6cbb3B9A136299A23&apos;, &apos;0x22114F40Ed222e83Bbd88DC6cbb3B9A136299A23&apos;, &apos;0x22114F40Ed222e83Bbd88DC6cbb3B9A136299A23&apos;, 20000000000000000000, 10, b&apos;\x00\x01\x02\x03\x00\x01\x02\x03\x00\x01\x02\x03\x00\x01\x02\x03\x00\x01\x02\x03\x00\x01\x02\x03\x00\x01\x02\x03\x00\x01\x02\x03&apos;, 1528871062, 8, 1]

2018-06-12 23:24:03,669 [DEBUG] cpchain.chain.agents: Dispute record NO.1: [1, False, True, False, True, False, 1528871128, 1]

</system-err></testcase><testcase classname="test_dispute_proxy" file="test_dispute_proxy.py" line="83" name="test_seller_agree" time="4.2941834926605225"><system-out>seller: defaultAccount:0x22114F40Ed222e83Bbd88DC6cbb3B9A136299A23
</system-out><system-err>2018-06-12 23:24:03,914 [DEBUG] cpchain.chain.agents: You are True agree with the dispute result
2018-06-12 23:24:07,923 [DEBUG] cpchain.chain.agents: Order record NO.1: [b&apos;\x00\x01\x02\x03\x00\x01\x02\x03\x00\x01\x02\x03\x00\x01\x02\x03\x00\x01\x02\x03\x00\x01\x02\x03\x00\x01\x02\x03\x00\x01\x02\x03&apos;, b&apos;0\x82\x02&quot;0\r\x06\t*\x86H\x86\xf7\r\x01\x01\x01\x05\x00\x03\x82\x02\x0f\x000\x82\x02\n\x02\x82\x02\x01\x00\xba\xfcA\xe6\xe3\xe2\xeem\xb3\xf7\x11\x98\xba@\x84n*\xfc*\xe8\x8b&quot;\xf8\x08\xcb\x12\xc7\xf8\xe0_u\x81\x91\xfdO:\x81\xea\xfd\xae\xfa}\xdcG\x91\x8c\xff\xab\x84\x10~\xa0\xe5\x9c\x8f\x9a\xc2f\x98T\x10\xf9\xa1&quot;\x1d,/\x86\rk\x13\xadp\xa4\xe0\x08\x88D?\xfa\xd3\x82Q)\x07/\xc2L\xe1\xc8\xf4\x97\x92^\xa7\xd0ULe!\xca\x84Bp\xbd\xbc\xd7\xc5\x94\x93\xa0\x89\xca\\!\x11\x8b\xd4d\x9cv*\x16?\xa1\x0e\xe9\xc9Z\xd0\xd8\x89\x9c\xbf\xa7\xb1K\x1e\x97\x81]\x83\xe6\xc9\x0c\xc4q\x8cPTt&amp;I\xc6\x00\xeb\xe6&amp;\xe9p\x9bQi\xc1\xdd:\xac\xc0\x15d\xd3\xbe\x11\xfb\x01\xf58\x1a\xaa\xfc\x96\xe9Y\x02S4\xbf\xa9\x10\xcd/5%q\xf7\x9f|\xcc\x88\x9f\xd1\xf4\x9c\xe9\xca*\xe7\xf6\xfdZ+\x17\x95n\x91\xd5j\xe84w\xcb4\t\x1bp\xe2#o\xbd\xf7h\xb9Z\xda\xeb\xf0%\xae\x84\xe0o,\x1bj\xd2\xf15j\x1b2\xb4zRM\xcc\x93\xaf\x9a\x88-\x99(\x81\x03\xd7Z\xcd\xdeV6\xe4\x8c\xef\xfbd.g\x93\xd9\xb28\xa4Y\x1aK&quot;J\xf8_\xc0\x113\x08v\xeb\xdc0\x8c\x7f`\xd8\x17\xe9\xf5\x1f8}\x1c5k\x82\xbc\x92m\xb0\xea\xb4\x9f\xc4\x02\xb1\xef8s=ra,\x03Y\x03\xe2\xc4\x1et\xabt!7\xa9\xa5\xa6\xa5ub\x00\x9ag\xb0\x9dm\xbb\xec&lt;\xdew\xc9\xb8\x11\x90\xa5PZ!,\x07#\xba\x0b\xdbc?\x86\x14\xdf\xcd\xa1/\x11\x9e\x0b\nK\xc5\x8eS\x0cU\x89\xf9_\xe8.\x01oJ\xa0@\xb6\xb0\xb7\xebG_\x81\x15\xa9\xe14\x92\x86\x82\x1c\xb5\xc5^\xb0\x13\xc8\xf9\x90\xa6\\\x80\x0f\x14S\x04\x9f\xd9\xd8+\xc5w\x1c\x89\x17\xd1\xdd\x11&quot;\xe2\x84]Ph\x90IJF$@\xea;\xd1g\xde\\\x14A\xbf\xefH~@\xfd\xc2\xed\x81f\xd2\x89\xb7\x06L\xe0w\x01\xe48\xe4\xeb\x83\x00\x7f\xb2\x8c\xf7\x07^\xda\x97\x81m\xde\xa5\xb0\xee\x08\xdaI\x11\x87JZ6\xd3\xed\&apos;?e\x95\x02\x03\x01\x00\x01&apos;, &apos;0x22114F40Ed222e83Bbd88DC6cbb3B9A136299A23&apos;, &apos;0x22114F40Ed222e83Bbd88DC6cbb3B9A136299A23&apos;, &apos;0x22114F40Ed222e83Bbd88DC6cbb3B9A136299A23&apos;, &apos;0x22114F40Ed222e83Bbd88DC6cbb3B9A136299A23&apos;, 20000000000000000000, 10, b&apos;\x00\x01\x02\x03\x00\x01\x02\x03\x00\x01\x02\x03\x00\x01\x02\x03\x00\x01\x02\x03\x00\x01\x02\x03\x00\x01\x02\x03\x00\x01\x02\x03&apos;, 1528871062, 5, 1]

2018-06-12 23:24:07,942 [DEBUG] cpchain.chain.agents: Dispute record NO.1: [1, False, True, False, True, True, 1528871128, 2]

2018-06-12 23:24:07,963 [DEBUG] cpchain.chain.agents: Order record NO.1: [b&apos;\x00\x01\x02\x03\x00\x01\x02\x03\x00\x01\x02\x03\x00\x01\x02\x03\x00\x01\x02\x03\x00\x01\x02\x03\x00\x01\x02\x03\x00\x01\x02\x03&apos;, b&apos;0\x82\x02&quot;0\r\x06\t*\x86H\x86\xf7\r\x01\x01\x01\x05\x00\x03\x82\x02\x0f\x000\x82\x02\n\x02\x82\x02\x01\x00\xba\xfcA\xe6\xe3\xe2\xeem\xb3\xf7\x11\x98\xba@\x84n*\xfc*\xe8\x8b&quot;\xf8\x08\xcb\x12\xc7\xf8\xe0_u\x81\x91\xfdO:\x81\xea\xfd\xae\xfa}\xdcG\x91\x8c\xff\xab\x84\x10~\xa0\xe5\x9c\x8f\x9a\xc2f\x98T\x10\xf9\xa1&quot;\x1d,/\x86\rk\x13\xadp\xa4\xe0\x08\x88D?\xfa\xd3\x82Q)\x07/\xc2L\xe1\xc8\xf4\x97\x92^\xa7\xd0ULe!\xca\x84Bp\xbd\xbc\xd7\xc5\x94\x93\xa0\x89\xca\\!\x11\x8b\xd4d\x9cv*\x16?\xa1\x0e\xe9\xc9Z\xd0\xd8\x89\x9c\xbf\xa7\xb1K\x1e\x97\x81]\x83\xe6\xc9\x0c\xc4q\x8cPTt&amp;I\xc6\x00\xeb\xe6&amp;\xe9p\x9bQi\xc1\xdd:\xac\xc0\x15d\xd3\xbe\x11\xfb\x01\xf58\x1a\xaa\xfc\x96\xe9Y\x02S4\xbf\xa9\x10\xcd/5%q\xf7\x9f|\xcc\x88\x9f\xd1\xf4\x9c\xe9\xca*\xe7\xf6\xfdZ+\x17\x95n\x91\xd5j\xe84w\xcb4\t\x1bp\xe2#o\xbd\xf7h\xb9Z\xda\xeb\xf0%\xae\x84\xe0o,\x1bj\xd2\xf15j\x1b2\xb4zRM\xcc\x93\xaf\x9a\x88-\x99(\x81\x03\xd7Z\xcd\xdeV6\xe4\x8c\xef\xfbd.g\x93\xd9\xb28\xa4Y\x1aK&quot;J\xf8_\xc0\x113\x08v\xeb\xdc0\x8c\x7f`\xd8\x17\xe9\xf5\x1f8}\x1c5k\x82\xbc\x92m\xb0\xea\xb4\x9f\xc4\x02\xb1\xef8s=ra,\x03Y\x03\xe2\xc4\x1et\xabt!7\xa9\xa5\xa6\xa5ub\x00\x9ag\xb0\x9dm\xbb\xec&lt;\xdew\xc9\xb8\x11\x90\xa5PZ!,\x07#\xba\x0b\xdbc?\x86\x14\xdf\xcd\xa1/\x11\x9e\x0b\nK\xc5\x8eS\x0cU\x89\xf9_\xe8.\x01oJ\xa0@\xb6\xb0\xb7\xebG_\x81\x15\xa9\xe14\x92\x86\x82\x1c\xb5\xc5^\xb0\x13\xc8\xf9\x90\xa6\\\x80\x0f\x14S\x04\x9f\xd9\xd8+\xc5w\x1c\x89\x17\xd1\xdd\x11&quot;\xe2\x84]Ph\x90IJF$@\xea;\xd1g\xde\\\x14A\xbf\xefH~@\xfd\xc2\xed\x81f\xd2\x89\xb7\x06L\xe0w\x01\xe48\xe4\xeb\x83\x00\x7f\xb2\x8c\xf7\x07^\xda\x97\x81m\xde\xa5\xb0\xee\x08\xdaI\x11\x87JZ6\xd3\xed\&apos;?e\x95\x02\x03\x01\x00\x01&apos;, &apos;0x22114F40Ed222e83Bbd88DC6cbb3B9A136299A23&apos;, &apos;0x22114F40Ed222e83Bbd88DC6cbb3B9A136299A23&apos;, &apos;0x22114F40Ed222e83Bbd88DC6cbb3B9A136299A23&apos;, &apos;0x22114F40Ed222e83Bbd88DC6cbb3B9A136299A23&apos;, 20000000000000000000, 10, b&apos;\x00\x01\x02\x03\x00\x01\x02\x03\x00\x01\x02\x03\x00\x01\x02\x03\x00\x01\x02\x03\x00\x01\x02\x03\x00\x01\x02\x03\x00\x01\x02\x03&apos;, 1528871062, 5, 1]

</system-err></testcase><testcase classname="test_normal_process" file="test_normal_process.py" line="6" name="test_proxy_deposit" time="14.331747770309448"><system-out>proxy: defaultAccount:0x22114F40Ed222e83Bbd88DC6cbb3B9A136299A23
</system-out><system-err>2018-06-12 23:24:11,911 [DEBUG] cpchain.chain.agents: You have deposited 1000 to contract 0x751498F10070716BbEA3AC2F91352426493D7C4B! Tx hash b&apos;!F\x1b{\xc9\x8c)/i\xec\x83\x8a8L\xa8\x99y\xf8\xb1b\xa9\x9d@\x13%\x14\x85t\xf9\x90\x96\xf7&apos;
2018-06-12 23:24:18,799 [DEBUG] cpchain.chain.agents: You have withdrawn 499 from contract 0x751498F10070716BbEA3AC2F91352426493D7C4B! Tx hash b&apos;&quot;\xe68\xb3\xddJy\x93\x17d8\x90\xffzv#\x84\x92q\x01d\xbe;=\xe2\n*\xb0\x08g\xc0\xde&apos;
</system-err></testcase><testcase classname="test_normal_process" file="test_normal_process.py" line="17" name="test_place_order" time="18.683241844177246"><system-out>buyer: defaultAccount:0x22114F40Ed222e83Bbd88DC6cbb3B9A136299A23
</system-out><system-err>2018-06-12 23:24:22,536 [DEBUG] cpchain.chain.agents: Thank you for using CPChain! Initiated Tx hash b&apos;\xfc?\xea\xb6Gs\xa9r\x9a\xd9(u\x81rD\x13E/OSck0\x18\xdc\x11P3\xa0\xb5a\xd7&apos;
2018-06-12 23:24:40,971 [DEBUG] cpchain.chain.agents: TransactionID: 2
2018-06-12 23:24:40,987 [DEBUG] cpchain.chain.agents: Order record NO.2: [b&apos;\x00\x01\x02\x03\x00\x01\x02\x03\x00\x01\x02\x03\x00\x01\x02\x03\x00\x01\x02\x03\x00\x01\x02\x03\x00\x01\x02\x03\x00\x01\x02\x03&apos;, b&apos;0\x82\x02&quot;0\r\x06\t*\x86H\x86\xf7\r\x01\x01\x01\x05\x00\x03\x82\x02\x0f\x000\x82\x02\n\x02\x82\x02\x01\x00\xba\xfcA\xe6\xe3\xe2\xeem\xb3\xf7\x11\x98\xba@\x84n*\xfc*\xe8\x8b&quot;\xf8\x08\xcb\x12\xc7\xf8\xe0_u\x81\x91\xfdO:\x81\xea\xfd\xae\xfa}\xdcG\x91\x8c\xff\xab\x84\x10~\xa0\xe5\x9c\x8f\x9a\xc2f\x98T\x10\xf9\xa1&quot;\x1d,/\x86\rk\x13\xadp\xa4\xe0\x08\x88D?\xfa\xd3\x82Q)\x07/\xc2L\xe1\xc8\xf4\x97\x92^\xa7\xd0ULe!\xca\x84Bp\xbd\xbc\xd7\xc5\x94\x93\xa0\x89\xca\\!\x11\x8b\xd4d\x9cv*\x16?\xa1\x0e\xe9\xc9Z\xd0\xd8\x89\x9c\xbf\xa7\xb1K\x1e\x97\x81]\x83\xe6\xc9\x0c\xc4q\x8cPTt&amp;I\xc6\x00\xeb\xe6&amp;\xe9p\x9bQi\xc1\xdd:\xac\xc0\x15d\xd3\xbe\x11\xfb\x01\xf58\x1a\xaa\xfc\x96\xe9Y\x02S4\xbf\xa9\x10\xcd/5%q\xf7\x9f|\xcc\x88\x9f\xd1\xf4\x9c\xe9\xca*\xe7\xf6\xfdZ+\x17\x95n\x91\xd5j\xe84w\xcb4\t\x1bp\xe2#o\xbd\xf7h\xb9Z\xda\xeb\xf0%\xae\x84\xe0o,\x1bj\xd2\xf15j\x1b2\xb4zRM\xcc\x93\xaf\x9a\x88-\x99(\x81\x03\xd7Z\xcd\xdeV6\xe4\x8c\xef\xfbd.g\x93\xd9\xb28\xa4Y\x1aK&quot;J\xf8_\xc0\x113\x08v\xeb\xdc0\x8c\x7f`\xd8\x17\xe9\xf5\x1f8}\x1c5k\x82\xbc\x92m\xb0\xea\xb4\x9f\xc4\x02\xb1\xef8s=ra,\x03Y\x03\xe2\xc4\x1et\xabt!7\xa9\xa5\xa6\xa5ub\x00\x9ag\xb0\x9dm\xbb\xec&lt;\xdew\xc9\xb8\x11\x90\xa5PZ!,\x07#\xba\x0b\xdbc?\x86\x14\xdf\xcd\xa1/\x11\x9e\x0b\nK\xc5\x8eS\x0cU\x89\xf9_\xe8.\x01oJ\xa0@\xb6\xb0\xb7\xebG_\x81\x15\xa9\xe14\x92\x86\x82\x1c\xb5\xc5^\xb0\x13\xc8\xf9\x90\xa6\\\x80\x0f\x14S\x04\x9f\xd9\xd8+\xc5w\x1c\x89\x17\xd1\xdd\x11&quot;\xe2\x84]Ph\x90IJF$@\xea;\xd1g\xde\\\x14A\xbf\xefH~@\xfd\xc2\xed\x81f\xd2\x89\xb7\x06L\xe0w\x01\xe48\xe4\xeb\x83\x00\x7f\xb2\x8c\xf7\x07^\xda\x97\x81m\xde\xa5\xb0\xee\x08\xdaI\x11\x87JZ6\xd3\xed\&apos;?e\x95\x02\x03\x01\x00\x01&apos;, &apos;0x22114F40Ed222e83Bbd88DC6cbb3B9A136299A23&apos;, &apos;0x22114F40Ed222e83Bbd88DC6cbb3B9A136299A23&apos;, &apos;0x22114F40Ed222e83Bbd88DC6cbb3B9A136299A23&apos;, &apos;0x22114F40Ed222e83Bbd88DC6cbb3B9A136299A23&apos;, 20000000000000000000, 10, b&apos;\x00\x00\x00\x00\x00\x00\x00\x00\x00\x00\x00\x00\x00\x00\x00\x00\x00\x00\x00\x00\x00\x00\x00\x00\x00\x00\x00\x00\x00\x00\x00\x00&apos;, 1528871126, 0, 0]

</system-err></testcase><testcase classname="test_normal_process" file="test_normal_process.py" line="38" name="test_seller_confirm_order" time="6.360989809036255"><system-out>seller: defaultAccount:0x22114F40Ed222e83Bbd88DC6cbb3B9A136299A23
</system-out><system-err>2018-06-12 23:24:41,117 [DEBUG] cpchain.chain.agents: Order record NO.2: [b&apos;\x00\x01\x02\x03\x00\x01\x02\x03\x00\x01\x02\x03\x00\x01\x02\x03\x00\x01\x02\x03\x00\x01\x02\x03\x00\x01\x02\x03\x00\x01\x02\x03&apos;, b&apos;0\x82\x02&quot;0\r\x06\t*\x86H\x86\xf7\r\x01\x01\x01\x05\x00\x03\x82\x02\x0f\x000\x82\x02\n\x02\x82\x02\x01\x00\xba\xfcA\xe6\xe3\xe2\xeem\xb3\xf7\x11\x98\xba@\x84n*\xfc*\xe8\x8b&quot;\xf8\x08\xcb\x12\xc7\xf8\xe0_u\x81\x91\xfdO:\x81\xea\xfd\xae\xfa}\xdcG\x91\x8c\xff\xab\x84\x10~\xa0\xe5\x9c\x8f\x9a\xc2f\x98T\x10\xf9\xa1&quot;\x1d,/\x86\rk\x13\xadp\xa4\xe0\x08\x88D?\xfa\xd3\x82Q)\x07/\xc2L\xe1\xc8\xf4\x97\x92^\xa7\xd0ULe!\xca\x84Bp\xbd\xbc\xd7\xc5\x94\x93\xa0\x89\xca\\!\x11\x8b\xd4d\x9cv*\x16?\xa1\x0e\xe9\xc9Z\xd0\xd8\x89\x9c\xbf\xa7\xb1K\x1e\x97\x81]\x83\xe6\xc9\x0c\xc4q\x8cPTt&amp;I\xc6\x00\xeb\xe6&amp;\xe9p\x9bQi\xc1\xdd:\xac\xc0\x15d\xd3\xbe\x11\xfb\x01\xf58\x1a\xaa\xfc\x96\xe9Y\x02S4\xbf\xa9\x10\xcd/5%q\xf7\x9f|\xcc\x88\x9f\xd1\xf4\x9c\xe9\xca*\xe7\xf6\xfdZ+\x17\x95n\x91\xd5j\xe84w\xcb4\t\x1bp\xe2#o\xbd\xf7h\xb9Z\xda\xeb\xf0%\xae\x84\xe0o,\x1bj\xd2\xf15j\x1b2\xb4zRM\xcc\x93\xaf\x9a\x88-\x99(\x81\x03\xd7Z\xcd\xdeV6\xe4\x8c\xef\xfbd.g\x93\xd9\xb28\xa4Y\x1aK&quot;J\xf8_\xc0\x113\x08v\xeb\xdc0\x8c\x7f`\xd8\x17\xe9\xf5\x1f8}\x1c5k\x82\xbc\x92m\xb0\xea\xb4\x9f\xc4\x02\xb1\xef8s=ra,\x03Y\x03\xe2\xc4\x1et\xabt!7\xa9\xa5\xa6\xa5ub\x00\x9ag\xb0\x9dm\xbb\xec&lt;\xdew\xc9\xb8\x11\x90\xa5PZ!,\x07#\xba\x0b\xdbc?\x86\x14\xdf\xcd\xa1/\x11\x9e\x0b\nK\xc5\x8eS\x0cU\x89\xf9_\xe8.\x01oJ\xa0@\xb6\xb0\xb7\xebG_\x81\x15\xa9\xe14\x92\x86\x82\x1c\xb5\xc5^\xb0\x13\xc8\xf9\x90\xa6\\\x80\x0f\x14S\x04\x9f\xd9\xd8+\xc5w\x1c\x89\x17\xd1\xdd\x11&quot;\xe2\x84]Ph\x90IJF$@\xea;\xd1g\xde\\\x14A\xbf\xefH~@\xfd\xc2\xed\x81f\xd2\x89\xb7\x06L\xe0w\x01\xe48\xe4\xeb\x83\x00\x7f\xb2\x8c\xf7\x07^\xda\x97\x81m\xde\xa5\xb0\xee\x08\xdaI\x11\x87JZ6\xd3\xed\&apos;?e\x95\x02\x03\x01\x00\x01&apos;, &apos;0x22114F40Ed222e83Bbd88DC6cbb3B9A136299A23&apos;, &apos;0x22114F40Ed222e83Bbd88DC6cbb3B9A136299A23&apos;, &apos;0x22114F40Ed222e83Bbd88DC6cbb3B9A136299A23&apos;, &apos;0x22114F40Ed222e83Bbd88DC6cbb3B9A136299A23&apos;, 20000000000000000000, 10, b&apos;\x00\x00\x00\x00\x00\x00\x00\x00\x00\x00\x00\x00\x00\x00\x00\x00\x00\x00\x00\x00\x00\x00\x00\x00\x00\x00\x00\x00\x00\x00\x00\x00&apos;, 1528871126, 0, 0]

2018-06-12 23:24:41,197 [DEBUG] cpchain.chain.agents: You have confirmed the order:2 and deposited 20000000000000000000 to contract 0x751498F10070716BbEA3AC2F91352426493D7C4B
2018-06-12 23:24:47,352 [DEBUG] cpchain.chain.agents: Order record NO.2: [b&apos;\x00\x01\x02\x03\x00\x01\x02\x03\x00\x01\x02\x03\x00\x01\x02\x03\x00\x01\x02\x03\x00\x01\x02\x03\x00\x01\x02\x03\x00\x01\x02\x03&apos;, b&apos;0\x82\x02&quot;0\r\x06\t*\x86H\x86\xf7\r\x01\x01\x01\x05\x00\x03\x82\x02\x0f\x000\x82\x02\n\x02\x82\x02\x01\x00\xba\xfcA\xe6\xe3\xe2\xeem\xb3\xf7\x11\x98\xba@\x84n*\xfc*\xe8\x8b&quot;\xf8\x08\xcb\x12\xc7\xf8\xe0_u\x81\x91\xfdO:\x81\xea\xfd\xae\xfa}\xdcG\x91\x8c\xff\xab\x84\x10~\xa0\xe5\x9c\x8f\x9a\xc2f\x98T\x10\xf9\xa1&quot;\x1d,/\x86\rk\x13\xadp\xa4\xe0\x08\x88D?\xfa\xd3\x82Q)\x07/\xc2L\xe1\xc8\xf4\x97\x92^\xa7\xd0ULe!\xca\x84Bp\xbd\xbc\xd7\xc5\x94\x93\xa0\x89\xca\\!\x11\x8b\xd4d\x9cv*\x16?\xa1\x0e\xe9\xc9Z\xd0\xd8\x89\x9c\xbf\xa7\xb1K\x1e\x97\x81]\x83\xe6\xc9\x0c\xc4q\x8cPTt&amp;I\xc6\x00\xeb\xe6&amp;\xe9p\x9bQi\xc1\xdd:\xac\xc0\x15d\xd3\xbe\x11\xfb\x01\xf58\x1a\xaa\xfc\x96\xe9Y\x02S4\xbf\xa9\x10\xcd/5%q\xf7\x9f|\xcc\x88\x9f\xd1\xf4\x9c\xe9\xca*\xe7\xf6\xfdZ+\x17\x95n\x91\xd5j\xe84w\xcb4\t\x1bp\xe2#o\xbd\xf7h\xb9Z\xda\xeb\xf0%\xae\x84\xe0o,\x1bj\xd2\xf15j\x1b2\xb4zRM\xcc\x93\xaf\x9a\x88-\x99(\x81\x03\xd7Z\xcd\xdeV6\xe4\x8c\xef\xfbd.g\x93\xd9\xb28\xa4Y\x1aK&quot;J\xf8_\xc0\x113\x08v\xeb\xdc0\x8c\x7f`\xd8\x17\xe9\xf5\x1f8}\x1c5k\x82\xbc\x92m\xb0\xea\xb4\x9f\xc4\x02\xb1\xef8s=ra,\x03Y\x03\xe2\xc4\x1et\xabt!7\xa9\xa5\xa6\xa5ub\x00\x9ag\xb0\x9dm\xbb\xec&lt;\xdew\xc9\xb8\x11\x90\xa5PZ!,\x07#\xba\x0b\xdbc?\x86\x14\xdf\xcd\xa1/\x11\x9e\x0b\nK\xc5\x8eS\x0cU\x89\xf9_\xe8.\x01oJ\xa0@\xb6\xb0\xb7\xebG_\x81\x15\xa9\xe14\x92\x86\x82\x1c\xb5\xc5^\xb0\x13\xc8\xf9\x90\xa6\\\x80\x0f\x14S\x04\x9f\xd9\xd8+\xc5w\x1c\x89\x17\xd1\xdd\x11&quot;\xe2\x84]Ph\x90IJF$@\xea;\xd1g\xde\\\x14A\xbf\xefH~@\xfd\xc2\xed\x81f\xd2\x89\xb7\x06L\xe0w\x01\xe48\xe4\xeb\x83\x00\x7f\xb2\x8c\xf7\x07^\xda\x97\x81m\xde\xa5\xb0\xee\x08\xdaI\x11\x87JZ6\xd3\xed\&apos;?e\x95\x02\x03\x01\x00\x01&apos;, &apos;0x22114F40Ed222e83Bbd88DC6cbb3B9A136299A23&apos;, &apos;0x22114F40Ed222e83Bbd88DC6cbb3B9A136299A23&apos;, &apos;0x22114F40Ed222e83Bbd88DC6cbb3B9A136299A23&apos;, &apos;0x22114F40Ed222e83Bbd88DC6cbb3B9A136299A23&apos;, 20000000000000000000, 10, b&apos;\x00\x00\x00\x00\x00\x00\x00\x00\x00\x00\x00\x00\x00\x00\x00\x00\x00\x00\x00\x00\x00\x00\x00\x00\x00\x00\x00\x00\x00\x00\x00\x00&apos;, 1528871126, 1, 0]

</system-err></testcase><testcase classname="test_normal_process" file="test_normal_process.py" line="44" name="test_proxy_fetched" time="8.823559284210205"><system-out>proxy: defaultAccount:0x22114F40Ed222e83Bbd88DC6cbb3B9A136299A23
</system-out><system-err>2018-06-12 23:24:47,470 [DEBUG] cpchain.chain.agents: Order record NO.2: [b&apos;\x00\x01\x02\x03\x00\x01\x02\x03\x00\x01\x02\x03\x00\x01\x02\x03\x00\x01\x02\x03\x00\x01\x02\x03\x00\x01\x02\x03\x00\x01\x02\x03&apos;, b&apos;0\x82\x02&quot;0\r\x06\t*\x86H\x86\xf7\r\x01\x01\x01\x05\x00\x03\x82\x02\x0f\x000\x82\x02\n\x02\x82\x02\x01\x00\xba\xfcA\xe6\xe3\xe2\xeem\xb3\xf7\x11\x98\xba@\x84n*\xfc*\xe8\x8b&quot;\xf8\x08\xcb\x12\xc7\xf8\xe0_u\x81\x91\xfdO:\x81\xea\xfd\xae\xfa}\xdcG\x91\x8c\xff\xab\x84\x10~\xa0\xe5\x9c\x8f\x9a\xc2f\x98T\x10\xf9\xa1&quot;\x1d,/\x86\rk\x13\xadp\xa4\xe0\x08\x88D?\xfa\xd3\x82Q)\x07/\xc2L\xe1\xc8\xf4\x97\x92^\xa7\xd0ULe!\xca\x84Bp\xbd\xbc\xd7\xc5\x94\x93\xa0\x89\xca\\!\x11\x8b\xd4d\x9cv*\x16?\xa1\x0e\xe9\xc9Z\xd0\xd8\x89\x9c\xbf\xa7\xb1K\x1e\x97\x81]\x83\xe6\xc9\x0c\xc4q\x8cPTt&amp;I\xc6\x00\xeb\xe6&amp;\xe9p\x9bQi\xc1\xdd:\xac\xc0\x15d\xd3\xbe\x11\xfb\x01\xf58\x1a\xaa\xfc\x96\xe9Y\x02S4\xbf\xa9\x10\xcd/5%q\xf7\x9f|\xcc\x88\x9f\xd1\xf4\x9c\xe9\xca*\xe7\xf6\xfdZ+\x17\x95n\x91\xd5j\xe84w\xcb4\t\x1bp\xe2#o\xbd\xf7h\xb9Z\xda\xeb\xf0%\xae\x84\xe0o,\x1bj\xd2\xf15j\x1b2\xb4zRM\xcc\x93\xaf\x9a\x88-\x99(\x81\x03\xd7Z\xcd\xdeV6\xe4\x8c\xef\xfbd.g\x93\xd9\xb28\xa4Y\x1aK&quot;J\xf8_\xc0\x113\x08v\xeb\xdc0\x8c\x7f`\xd8\x17\xe9\xf5\x1f8}\x1c5k\x82\xbc\x92m\xb0\xea\xb4\x9f\xc4\x02\xb1\xef8s=ra,\x03Y\x03\xe2\xc4\x1et\xabt!7\xa9\xa5\xa6\xa5ub\x00\x9ag\xb0\x9dm\xbb\xec&lt;\xdew\xc9\xb8\x11\x90\xa5PZ!,\x07#\xba\x0b\xdbc?\x86\x14\xdf\xcd\xa1/\x11\x9e\x0b\nK\xc5\x8eS\x0cU\x89\xf9_\xe8.\x01oJ\xa0@\xb6\xb0\xb7\xebG_\x81\x15\xa9\xe14\x92\x86\x82\x1c\xb5\xc5^\xb0\x13\xc8\xf9\x90\xa6\\\x80\x0f\x14S\x04\x9f\xd9\xd8+\xc5w\x1c\x89\x17\xd1\xdd\x11&quot;\xe2\x84]Ph\x90IJF$@\xea;\xd1g\xde\\\x14A\xbf\xefH~@\xfd\xc2\xed\x81f\xd2\x89\xb7\x06L\xe0w\x01\xe48\xe4\xeb\x83\x00\x7f\xb2\x8c\xf7\x07^\xda\x97\x81m\xde\xa5\xb0\xee\x08\xdaI\x11\x87JZ6\xd3\xed\&apos;?e\x95\x02\x03\x01\x00\x01&apos;, &apos;0x22114F40Ed222e83Bbd88DC6cbb3B9A136299A23&apos;, &apos;0x22114F40Ed222e83Bbd88DC6cbb3B9A136299A23&apos;, &apos;0x22114F40Ed222e83Bbd88DC6cbb3B9A136299A23&apos;, &apos;0x22114F40Ed222e83Bbd88DC6cbb3B9A136299A23&apos;, 20000000000000000000, 10, b&apos;\x00\x00\x00\x00\x00\x00\x00\x00\x00\x00\x00\x00\x00\x00\x00\x00\x00\x00\x00\x00\x00\x00\x00\x00\x00\x00\x00\x00\x00\x00\x00\x00&apos;, 1528871126, 1, 0]

2018-06-12 23:24:56,180 [DEBUG] cpchain.chain.agents: Order record NO.2: [b&apos;\x00\x01\x02\x03\x00\x01\x02\x03\x00\x01\x02\x03\x00\x01\x02\x03\x00\x01\x02\x03\x00\x01\x02\x03\x00\x01\x02\x03\x00\x01\x02\x03&apos;, b&apos;0\x82\x02&quot;0\r\x06\t*\x86H\x86\xf7\r\x01\x01\x01\x05\x00\x03\x82\x02\x0f\x000\x82\x02\n\x02\x82\x02\x01\x00\xba\xfcA\xe6\xe3\xe2\xeem\xb3\xf7\x11\x98\xba@\x84n*\xfc*\xe8\x8b&quot;\xf8\x08\xcb\x12\xc7\xf8\xe0_u\x81\x91\xfdO:\x81\xea\xfd\xae\xfa}\xdcG\x91\x8c\xff\xab\x84\x10~\xa0\xe5\x9c\x8f\x9a\xc2f\x98T\x10\xf9\xa1&quot;\x1d,/\x86\rk\x13\xadp\xa4\xe0\x08\x88D?\xfa\xd3\x82Q)\x07/\xc2L\xe1\xc8\xf4\x97\x92^\xa7\xd0ULe!\xca\x84Bp\xbd\xbc\xd7\xc5\x94\x93\xa0\x89\xca\\!\x11\x8b\xd4d\x9cv*\x16?\xa1\x0e\xe9\xc9Z\xd0\xd8\x89\x9c\xbf\xa7\xb1K\x1e\x97\x81]\x83\xe6\xc9\x0c\xc4q\x8cPTt&amp;I\xc6\x00\xeb\xe6&amp;\xe9p\x9bQi\xc1\xdd:\xac\xc0\x15d\xd3\xbe\x11\xfb\x01\xf58\x1a\xaa\xfc\x96\xe9Y\x02S4\xbf\xa9\x10\xcd/5%q\xf7\x9f|\xcc\x88\x9f\xd1\xf4\x9c\xe9\xca*\xe7\xf6\xfdZ+\x17\x95n\x91\xd5j\xe84w\xcb4\t\x1bp\xe2#o\xbd\xf7h\xb9Z\xda\xeb\xf0%\xae\x84\xe0o,\x1bj\xd2\xf15j\x1b2\xb4zRM\xcc\x93\xaf\x9a\x88-\x99(\x81\x03\xd7Z\xcd\xdeV6\xe4\x8c\xef\xfbd.g\x93\xd9\xb28\xa4Y\x1aK&quot;J\xf8_\xc0\x113\x08v\xeb\xdc0\x8c\x7f`\xd8\x17\xe9\xf5\x1f8}\x1c5k\x82\xbc\x92m\xb0\xea\xb4\x9f\xc4\x02\xb1\xef8s=ra,\x03Y\x03\xe2\xc4\x1et\xabt!7\xa9\xa5\xa6\xa5ub\x00\x9ag\xb0\x9dm\xbb\xec&lt;\xdew\xc9\xb8\x11\x90\xa5PZ!,\x07#\xba\x0b\xdbc?\x86\x14\xdf\xcd\xa1/\x11\x9e\x0b\nK\xc5\x8eS\x0cU\x89\xf9_\xe8.\x01oJ\xa0@\xb6\xb0\xb7\xebG_\x81\x15\xa9\xe14\x92\x86\x82\x1c\xb5\xc5^\xb0\x13\xc8\xf9\x90\xa6\\\x80\x0f\x14S\x04\x9f\xd9\xd8+\xc5w\x1c\x89\x17\xd1\xdd\x11&quot;\xe2\x84]Ph\x90IJF$@\xea;\xd1g\xde\\\x14A\xbf\xefH~@\xfd\xc2\xed\x81f\xd2\x89\xb7\x06L\xe0w\x01\xe48\xe4\xeb\x83\x00\x7f\xb2\x8c\xf7\x07^\xda\x97\x81m\xde\xa5\xb0\xee\x08\xdaI\x11\x87JZ6\xd3\xed\&apos;?e\x95\x02\x03\x01\x00\x01&apos;, &apos;0x22114F40Ed222e83Bbd88DC6cbb3B9A136299A23&apos;, &apos;0x22114F40Ed222e83Bbd88DC6cbb3B9A136299A23&apos;, &apos;0x22114F40Ed222e83Bbd88DC6cbb3B9A136299A23&apos;, &apos;0x22114F40Ed222e83Bbd88DC6cbb3B9A136299A23&apos;, 20000000000000000000, 10, b&apos;\x00\x00\x00\x00\x00\x00\x00\x00\x00\x00\x00\x00\x00\x00\x00\x00\x00\x00\x00\x00\x00\x00\x00\x00\x00\x00\x00\x00\x00\x00\x00\x00&apos;, 1528871126, 2, 0]

</system-err></testcase><testcase classname="test_normal_process" file="test_normal_process.py" line="51" name="test_proxy_delivered" time="12.828555822372437"><system-out>proxy: defaultAccount:0x22114F40Ed222e83Bbd88DC6cbb3B9A136299A23
</system-out><system-err>2018-06-12 23:25:09,010 [DEBUG] cpchain.chain.agents: Order record NO.2: [b&apos;\x00\x01\x02\x03\x00\x01\x02\x03\x00\x01\x02\x03\x00\x01\x02\x03\x00\x01\x02\x03\x00\x01\x02\x03\x00\x01\x02\x03\x00\x01\x02\x03&apos;, b&apos;0\x82\x02&quot;0\r\x06\t*\x86H\x86\xf7\r\x01\x01\x01\x05\x00\x03\x82\x02\x0f\x000\x82\x02\n\x02\x82\x02\x01\x00\xba\xfcA\xe6\xe3\xe2\xeem\xb3\xf7\x11\x98\xba@\x84n*\xfc*\xe8\x8b&quot;\xf8\x08\xcb\x12\xc7\xf8\xe0_u\x81\x91\xfdO:\x81\xea\xfd\xae\xfa}\xdcG\x91\x8c\xff\xab\x84\x10~\xa0\xe5\x9c\x8f\x9a\xc2f\x98T\x10\xf9\xa1&quot;\x1d,/\x86\rk\x13\xadp\xa4\xe0\x08\x88D?\xfa\xd3\x82Q)\x07/\xc2L\xe1\xc8\xf4\x97\x92^\xa7\xd0ULe!\xca\x84Bp\xbd\xbc\xd7\xc5\x94\x93\xa0\x89\xca\\!\x11\x8b\xd4d\x9cv*\x16?\xa1\x0e\xe9\xc9Z\xd0\xd8\x89\x9c\xbf\xa7\xb1K\x1e\x97\x81]\x83\xe6\xc9\x0c\xc4q\x8cPTt&amp;I\xc6\x00\xeb\xe6&amp;\xe9p\x9bQi\xc1\xdd:\xac\xc0\x15d\xd3\xbe\x11\xfb\x01\xf58\x1a\xaa\xfc\x96\xe9Y\x02S4\xbf\xa9\x10\xcd/5%q\xf7\x9f|\xcc\x88\x9f\xd1\xf4\x9c\xe9\xca*\xe7\xf6\xfdZ+\x17\x95n\x91\xd5j\xe84w\xcb4\t\x1bp\xe2#o\xbd\xf7h\xb9Z\xda\xeb\xf0%\xae\x84\xe0o,\x1bj\xd2\xf15j\x1b2\xb4zRM\xcc\x93\xaf\x9a\x88-\x99(\x81\x03\xd7Z\xcd\xdeV6\xe4\x8c\xef\xfbd.g\x93\xd9\xb28\xa4Y\x1aK&quot;J\xf8_\xc0\x113\x08v\xeb\xdc0\x8c\x7f`\xd8\x17\xe9\xf5\x1f8}\x1c5k\x82\xbc\x92m\xb0\xea\xb4\x9f\xc4\x02\xb1\xef8s=ra,\x03Y\x03\xe2\xc4\x1et\xabt!7\xa9\xa5\xa6\xa5ub\x00\x9ag\xb0\x9dm\xbb\xec&lt;\xdew\xc9\xb8\x11\x90\xa5PZ!,\x07#\xba\x0b\xdbc?\x86\x14\xdf\xcd\xa1/\x11\x9e\x0b\nK\xc5\x8eS\x0cU\x89\xf9_\xe8.\x01oJ\xa0@\xb6\xb0\xb7\xebG_\x81\x15\xa9\xe14\x92\x86\x82\x1c\xb5\xc5^\xb0\x13\xc8\xf9\x90\xa6\\\x80\x0f\x14S\x04\x9f\xd9\xd8+\xc5w\x1c\x89\x17\xd1\xdd\x11&quot;\xe2\x84]Ph\x90IJF$@\xea;\xd1g\xde\\\x14A\xbf\xefH~@\xfd\xc2\xed\x81f\xd2\x89\xb7\x06L\xe0w\x01\xe48\xe4\xeb\x83\x00\x7f\xb2\x8c\xf7\x07^\xda\x97\x81m\xde\xa5\xb0\xee\x08\xdaI\x11\x87JZ6\xd3\xed\&apos;?e\x95\x02\x03\x01\x00\x01&apos;, &apos;0x22114F40Ed222e83Bbd88DC6cbb3B9A136299A23&apos;, &apos;0x22114F40Ed222e83Bbd88DC6cbb3B9A136299A23&apos;, &apos;0x22114F40Ed222e83Bbd88DC6cbb3B9A136299A23&apos;, &apos;0x22114F40Ed222e83Bbd88DC6cbb3B9A136299A23&apos;, 20000000000000000000, 10, b&apos;\x00\x01\x02\x03\x00\x01\x02\x03\x00\x01\x02\x03\x00\x01\x02\x03\x00\x01\x02\x03\x00\x01\x02\x03\x00\x01\x02\x03\x00\x01\x02\x03&apos;, 1528871126, 3, 0]

</system-err></testcase><testcase classname="test_normal_process" file="test_normal_process.py" line="56" name="test_buyer_confirmed" time="3.406400680541992"><system-err>2018-06-12 23:25:09,102 [DEBUG] cpchain.chain.agents: Thank you for confirming deliver! Tx hash b&apos;\xdboA\x16\xf4\xdb{\xe3\x11\xaa\xc0/p\x8d\xc8\x82\xfcPe\x1c7\xbd\xab\x1f(\x10\x86\xfc|q&quot;\xc6&apos;
2018-06-12 23:25:12,419 [DEBUG] cpchain.chain.agents: Order record NO.2: [b&apos;\x00\x01\x02\x03\x00\x01\x02\x03\x00\x01\x02\x03\x00\x01\x02\x03\x00\x01\x02\x03\x00\x01\x02\x03\x00\x01\x02\x03\x00\x01\x02\x03&apos;, b&apos;0\x82\x02&quot;0\r\x06\t*\x86H\x86\xf7\r\x01\x01\x01\x05\x00\x03\x82\x02\x0f\x000\x82\x02\n\x02\x82\x02\x01\x00\xba\xfcA\xe6\xe3\xe2\xeem\xb3\xf7\x11\x98\xba@\x84n*\xfc*\xe8\x8b&quot;\xf8\x08\xcb\x12\xc7\xf8\xe0_u\x81\x91\xfdO:\x81\xea\xfd\xae\xfa}\xdcG\x91\x8c\xff\xab\x84\x10~\xa0\xe5\x9c\x8f\x9a\xc2f\x98T\x10\xf9\xa1&quot;\x1d,/\x86\rk\x13\xadp\xa4\xe0\x08\x88D?\xfa\xd3\x82Q)\x07/\xc2L\xe1\xc8\xf4\x97\x92^\xa7\xd0ULe!\xca\x84Bp\xbd\xbc\xd7\xc5\x94\x93\xa0\x89\xca\\!\x11\x8b\xd4d\x9cv*\x16?\xa1\x0e\xe9\xc9Z\xd0\xd8\x89\x9c\xbf\xa7\xb1K\x1e\x97\x81]\x83\xe6\xc9\x0c\xc4q\x8cPTt&amp;I\xc6\x00\xeb\xe6&amp;\xe9p\x9bQi\xc1\xdd:\xac\xc0\x15d\xd3\xbe\x11\xfb\x01\xf58\x1a\xaa\xfc\x96\xe9Y\x02S4\xbf\xa9\x10\xcd/5%q\xf7\x9f|\xcc\x88\x9f\xd1\xf4\x9c\xe9\xca*\xe7\xf6\xfdZ+\x17\x95n\x91\xd5j\xe84w\xcb4\t\x1bp\xe2#o\xbd\xf7h\xb9Z\xda\xeb\xf0%\xae\x84\xe0o,\x1bj\xd2\xf15j\x1b2\xb4zRM\xcc\x93\xaf\x9a\x88-\x99(\x81\x03\xd7Z\xcd\xdeV6\xe4\x8c\xef\xfbd.g\x93\xd9\xb28\xa4Y\x1aK&quot;J\xf8_\xc0\x113\x08v\xeb\xdc0\x8c\x7f`\xd8\x17\xe9\xf5\x1f8}\x1c5k\x82\xbc\x92m\xb0\xea\xb4\x9f\xc4\x02\xb1\xef8s=ra,\x03Y\x03\xe2\xc4\x1et\xabt!7\xa9\xa5\xa6\xa5ub\x00\x9ag\xb0\x9dm\xbb\xec&lt;\xdew\xc9\xb8\x11\x90\xa5PZ!,\x07#\xba\x0b\xdbc?\x86\x14\xdf\xcd\xa1/\x11\x9e\x0b\nK\xc5\x8eS\x0cU\x89\xf9_\xe8.\x01oJ\xa0@\xb6\xb0\xb7\xebG_\x81\x15\xa9\xe14\x92\x86\x82\x1c\xb5\xc5^\xb0\x13\xc8\xf9\x90\xa6\\\x80\x0f\x14S\x04\x9f\xd9\xd8+\xc5w\x1c\x89\x17\xd1\xdd\x11&quot;\xe2\x84]Ph\x90IJF$@\xea;\xd1g\xde\\\x14A\xbf\xefH~@\xfd\xc2\xed\x81f\xd2\x89\xb7\x06L\xe0w\x01\xe48\xe4\xeb\x83\x00\x7f\xb2\x8c\xf7\x07^\xda\x97\x81m\xde\xa5\xb0\xee\x08\xdaI\x11\x87JZ6\xd3\xed\&apos;?e\x95\x02\x03\x01\x00\x01&apos;, &apos;0x22114F40Ed222e83Bbd88DC6cbb3B9A136299A23&apos;, &apos;0x22114F40Ed222e83Bbd88DC6cbb3B9A136299A23&apos;, &apos;0x22114F40Ed222e83Bbd88DC6cbb3B9A136299A23&apos;, &apos;0x22114F40Ed222e83Bbd88DC6cbb3B9A136299A23&apos;, 20000000000000000000, 10, b&apos;\x00\x01\x02\x03\x00\x01\x02\x03\x00\x01\x02\x03\x00\x01\x02\x03\x00\x01\x02\x03\x00\x01\x02\x03\x00\x01\x02\x03\x00\x01\x02\x03&apos;, 1528871126, 5, 0]

</system-err></testcase><testcase classname="test_timeout" file="test_timeout.py" line="9" name="test_place_order" time="13.677989721298218"><system-out>buyer: defaultAccount:0x22114F40Ed222e83Bbd88DC6cbb3B9A136299A23
</system-out><system-err>2018-06-12 23:25:23,624 [DEBUG] cpchain.chain.agents: Thank you for using CPChain! Initiated Tx hash b&apos;a!7\xc43\xd3\x7fd@\xda\x11N\xa9\xe3\xf3u-!\x1cA|\xd2\x90\xc27$Ye\xa7\xf6\\\xbf&apos;
2018-06-12 23:25:26,085 [DEBUG] cpchain.chain.agents: TransactionID: 3
2018-06-12 23:25:26,103 [DEBUG] cpchain.chain.agents: Order record NO.3: [b&apos;\x00\x01\x02\x03\x00\x01\x02\x03\x00\x01\x02\x03\x00\x01\x02\x03\x00\x01\x02\x03\x00\x01\x02\x03\x00\x01\x02\x03\x00\x01\x02\x03&apos;, b&apos;0\x82\x02&quot;0\r\x06\t*\x86H\x86\xf7\r\x01\x01\x01\x05\x00\x03\x82\x02\x0f\x000\x82\x02\n\x02\x82\x02\x01\x00\xba\xfcA\xe6\xe3\xe2\xeem\xb3\xf7\x11\x98\xba@\x84n*\xfc*\xe8\x8b&quot;\xf8\x08\xcb\x12\xc7\xf8\xe0_u\x81\x91\xfdO:\x81\xea\xfd\xae\xfa}\xdcG\x91\x8c\xff\xab\x84\x10~\xa0\xe5\x9c\x8f\x9a\xc2f\x98T\x10\xf9\xa1&quot;\x1d,/\x86\rk\x13\xadp\xa4\xe0\x08\x88D?\xfa\xd3\x82Q)\x07/\xc2L\xe1\xc8\xf4\x97\x92^\xa7\xd0ULe!\xca\x84Bp\xbd\xbc\xd7\xc5\x94\x93\xa0\x89\xca\\!\x11\x8b\xd4d\x9cv*\x16?\xa1\x0e\xe9\xc9Z\xd0\xd8\x89\x9c\xbf\xa7\xb1K\x1e\x97\x81]\x83\xe6\xc9\x0c\xc4q\x8cPTt&amp;I\xc6\x00\xeb\xe6&amp;\xe9p\x9bQi\xc1\xdd:\xac\xc0\x15d\xd3\xbe\x11\xfb\x01\xf58\x1a\xaa\xfc\x96\xe9Y\x02S4\xbf\xa9\x10\xcd/5%q\xf7\x9f|\xcc\x88\x9f\xd1\xf4\x9c\xe9\xca*\xe7\xf6\xfdZ+\x17\x95n\x91\xd5j\xe84w\xcb4\t\x1bp\xe2#o\xbd\xf7h\xb9Z\xda\xeb\xf0%\xae\x84\xe0o,\x1bj\xd2\xf15j\x1b2\xb4zRM\xcc\x93\xaf\x9a\x88-\x99(\x81\x03\xd7Z\xcd\xdeV6\xe4\x8c\xef\xfbd.g\x93\xd9\xb28\xa4Y\x1aK&quot;J\xf8_\xc0\x113\x08v\xeb\xdc0\x8c\x7f`\xd8\x17\xe9\xf5\x1f8}\x1c5k\x82\xbc\x92m\xb0\xea\xb4\x9f\xc4\x02\xb1\xef8s=ra,\x03Y\x03\xe2\xc4\x1et\xabt!7\xa9\xa5\xa6\xa5ub\x00\x9ag\xb0\x9dm\xbb\xec&lt;\xdew\xc9\xb8\x11\x90\xa5PZ!,\x07#\xba\x0b\xdbc?\x86\x14\xdf\xcd\xa1/\x11\x9e\x0b\nK\xc5\x8eS\x0cU\x89\xf9_\xe8.\x01oJ\xa0@\xb6\xb0\xb7\xebG_\x81\x15\xa9\xe14\x92\x86\x82\x1c\xb5\xc5^\xb0\x13\xc8\xf9\x90\xa6\\\x80\x0f\x14S\x04\x9f\xd9\xd8+\xc5w\x1c\x89\x17\xd1\xdd\x11&quot;\xe2\x84]Ph\x90IJF$@\xea;\xd1g\xde\\\x14A\xbf\xefH~@\xfd\xc2\xed\x81f\xd2\x89\xb7\x06L\xe0w\x01\xe48\xe4\xeb\x83\x00\x7f\xb2\x8c\xf7\x07^\xda\x97\x81m\xde\xa5\xb0\xee\x08\xdaI\x11\x87JZ6\xd3\xed\&apos;?e\x95\x02\x03\x01\x00\x01&apos;, &apos;0x22114F40Ed222e83Bbd88DC6cbb3B9A136299A23&apos;, &apos;0x22114F40Ed222e83Bbd88DC6cbb3B9A136299A23&apos;, &apos;0x22114F40Ed222e83Bbd88DC6cbb3B9A136299A23&apos;, &apos;0x22114F40Ed222e83Bbd88DC6cbb3B9A136299A23&apos;, 20000000000000000000, 10, b&apos;\x00\x00\x00\x00\x00\x00\x00\x00\x00\x00\x00\x00\x00\x00\x00\x00\x00\x00\x00\x00\x00\x00\x00\x00\x00\x00\x00\x00\x00\x00\x00\x00&apos;, 1528871145, 0, 0]

</system-err></testcase><testcase classname="test_timeout" file="test_timeout.py" line="30" name="test_seller_confirm_order" time="11.753909826278687"><system-out>seller: defaultAccount:0x22114F40Ed222e83Bbd88DC6cbb3B9A136299A23
</system-out><system-err>2018-06-12 23:25:26,228 [DEBUG] cpchain.chain.agents: Order record NO.3: [b&apos;\x00\x01\x02\x03\x00\x01\x02\x03\x00\x01\x02\x03\x00\x01\x02\x03\x00\x01\x02\x03\x00\x01\x02\x03\x00\x01\x02\x03\x00\x01\x02\x03&apos;, b&apos;0\x82\x02&quot;0\r\x06\t*\x86H\x86\xf7\r\x01\x01\x01\x05\x00\x03\x82\x02\x0f\x000\x82\x02\n\x02\x82\x02\x01\x00\xba\xfcA\xe6\xe3\xe2\xeem\xb3\xf7\x11\x98\xba@\x84n*\xfc*\xe8\x8b&quot;\xf8\x08\xcb\x12\xc7\xf8\xe0_u\x81\x91\xfdO:\x81\xea\xfd\xae\xfa}\xdcG\x91\x8c\xff\xab\x84\x10~\xa0\xe5\x9c\x8f\x9a\xc2f\x98T\x10\xf9\xa1&quot;\x1d,/\x86\rk\x13\xadp\xa4\xe0\x08\x88D?\xfa\xd3\x82Q)\x07/\xc2L\xe1\xc8\xf4\x97\x92^\xa7\xd0ULe!\xca\x84Bp\xbd\xbc\xd7\xc5\x94\x93\xa0\x89\xca\\!\x11\x8b\xd4d\x9cv*\x16?\xa1\x0e\xe9\xc9Z\xd0\xd8\x89\x9c\xbf\xa7\xb1K\x1e\x97\x81]\x83\xe6\xc9\x0c\xc4q\x8cPTt&amp;I\xc6\x00\xeb\xe6&amp;\xe9p\x9bQi\xc1\xdd:\xac\xc0\x15d\xd3\xbe\x11\xfb\x01\xf58\x1a\xaa\xfc\x96\xe9Y\x02S4\xbf\xa9\x10\xcd/5%q\xf7\x9f|\xcc\x88\x9f\xd1\xf4\x9c\xe9\xca*\xe7\xf6\xfdZ+\x17\x95n\x91\xd5j\xe84w\xcb4\t\x1bp\xe2#o\xbd\xf7h\xb9Z\xda\xeb\xf0%\xae\x84\xe0o,\x1bj\xd2\xf15j\x1b2\xb4zRM\xcc\x93\xaf\x9a\x88-\x99(\x81\x03\xd7Z\xcd\xdeV6\xe4\x8c\xef\xfbd.g\x93\xd9\xb28\xa4Y\x1aK&quot;J\xf8_\xc0\x113\x08v\xeb\xdc0\x8c\x7f`\xd8\x17\xe9\xf5\x1f8}\x1c5k\x82\xbc\x92m\xb0\xea\xb4\x9f\xc4\x02\xb1\xef8s=ra,\x03Y\x03\xe2\xc4\x1et\xabt!7\xa9\xa5\xa6\xa5ub\x00\x9ag\xb0\x9dm\xbb\xec&lt;\xdew\xc9\xb8\x11\x90\xa5PZ!,\x07#\xba\x0b\xdbc?\x86\x14\xdf\xcd\xa1/\x11\x9e\x0b\nK\xc5\x8eS\x0cU\x89\xf9_\xe8.\x01oJ\xa0@\xb6\xb0\xb7\xebG_\x81\x15\xa9\xe14\x92\x86\x82\x1c\xb5\xc5^\xb0\x13\xc8\xf9\x90\xa6\\\x80\x0f\x14S\x04\x9f\xd9\xd8+\xc5w\x1c\x89\x17\xd1\xdd\x11&quot;\xe2\x84]Ph\x90IJF$@\xea;\xd1g\xde\\\x14A\xbf\xefH~@\xfd\xc2\xed\x81f\xd2\x89\xb7\x06L\xe0w\x01\xe48\xe4\xeb\x83\x00\x7f\xb2\x8c\xf7\x07^\xda\x97\x81m\xde\xa5\xb0\xee\x08\xdaI\x11\x87JZ6\xd3\xed\&apos;?e\x95\x02\x03\x01\x00\x01&apos;, &apos;0x22114F40Ed222e83Bbd88DC6cbb3B9A136299A23&apos;, &apos;0x22114F40Ed222e83Bbd88DC6cbb3B9A136299A23&apos;, &apos;0x22114F40Ed222e83Bbd88DC6cbb3B9A136299A23&apos;, &apos;0x22114F40Ed222e83Bbd88DC6cbb3B9A136299A23&apos;, 20000000000000000000, 10, b&apos;\x00\x00\x00\x00\x00\x00\x00\x00\x00\x00\x00\x00\x00\x00\x00\x00\x00\x00\x00\x00\x00\x00\x00\x00\x00\x00\x00\x00\x00\x00\x00\x00&apos;, 1528871145, 0, 0]

2018-06-12 23:25:26,330 [DEBUG] cpchain.chain.agents: You have confirmed the order:3 and deposited 20000000000000000000 to contract 0x751498F10070716BbEA3AC2F91352426493D7C4B
2018-06-12 23:25:37,857 [DEBUG] cpchain.chain.agents: Order record NO.3: [b&apos;\x00\x01\x02\x03\x00\x01\x02\x03\x00\x01\x02\x03\x00\x01\x02\x03\x00\x01\x02\x03\x00\x01\x02\x03\x00\x01\x02\x03\x00\x01\x02\x03&apos;, b&apos;0\x82\x02&quot;0\r\x06\t*\x86H\x86\xf7\r\x01\x01\x01\x05\x00\x03\x82\x02\x0f\x000\x82\x02\n\x02\x82\x02\x01\x00\xba\xfcA\xe6\xe3\xe2\xeem\xb3\xf7\x11\x98\xba@\x84n*\xfc*\xe8\x8b&quot;\xf8\x08\xcb\x12\xc7\xf8\xe0_u\x81\x91\xfdO:\x81\xea\xfd\xae\xfa}\xdcG\x91\x8c\xff\xab\x84\x10~\xa0\xe5\x9c\x8f\x9a\xc2f\x98T\x10\xf9\xa1&quot;\x1d,/\x86\rk\x13\xadp\xa4\xe0\x08\x88D?\xfa\xd3\x82Q)\x07/\xc2L\xe1\xc8\xf4\x97\x92^\xa7\xd0ULe!\xca\x84Bp\xbd\xbc\xd7\xc5\x94\x93\xa0\x89\xca\\!\x11\x8b\xd4d\x9cv*\x16?\xa1\x0e\xe9\xc9Z\xd0\xd8\x89\x9c\xbf\xa7\xb1K\x1e\x97\x81]\x83\xe6\xc9\x0c\xc4q\x8cPTt&amp;I\xc6\x00\xeb\xe6&amp;\xe9p\x9bQi\xc1\xdd:\xac\xc0\x15d\xd3\xbe\x11\xfb\x01\xf58\x1a\xaa\xfc\x96\xe9Y\x02S4\xbf\xa9\x10\xcd/5%q\xf7\x9f|\xcc\x88\x9f\xd1\xf4\x9c\xe9\xca*\xe7\xf6\xfdZ+\x17\x95n\x91\xd5j\xe84w\xcb4\t\x1bp\xe2#o\xbd\xf7h\xb9Z\xda\xeb\xf0%\xae\x84\xe0o,\x1bj\xd2\xf15j\x1b2\xb4zRM\xcc\x93\xaf\x9a\x88-\x99(\x81\x03\xd7Z\xcd\xdeV6\xe4\x8c\xef\xfbd.g\x93\xd9\xb28\xa4Y\x1aK&quot;J\xf8_\xc0\x113\x08v\xeb\xdc0\x8c\x7f`\xd8\x17\xe9\xf5\x1f8}\x1c5k\x82\xbc\x92m\xb0\xea\xb4\x9f\xc4\x02\xb1\xef8s=ra,\x03Y\x03\xe2\xc4\x1et\xabt!7\xa9\xa5\xa6\xa5ub\x00\x9ag\xb0\x9dm\xbb\xec&lt;\xdew\xc9\xb8\x11\x90\xa5PZ!,\x07#\xba\x0b\xdbc?\x86\x14\xdf\xcd\xa1/\x11\x9e\x0b\nK\xc5\x8eS\x0cU\x89\xf9_\xe8.\x01oJ\xa0@\xb6\xb0\xb7\xebG_\x81\x15\xa9\xe14\x92\x86\x82\x1c\xb5\xc5^\xb0\x13\xc8\xf9\x90\xa6\\\x80\x0f\x14S\x04\x9f\xd9\xd8+\xc5w\x1c\x89\x17\xd1\xdd\x11&quot;\xe2\x84]Ph\x90IJF$@\xea;\xd1g\xde\\\x14A\xbf\xefH~@\xfd\xc2\xed\x81f\xd2\x89\xb7\x06L\xe0w\x01\xe48\xe4\xeb\x83\x00\x7f\xb2\x8c\xf7\x07^\xda\x97\x81m\xde\xa5\xb0\xee\x08\xdaI\x11\x87JZ6\xd3\xed\&apos;?e\x95\x02\x03\x01\x00\x01&apos;, &apos;0x22114F40Ed222e83Bbd88DC6cbb3B9A136299A23&apos;, &apos;0x22114F40Ed222e83Bbd88DC6cbb3B9A136299A23&apos;, &apos;0x22114F40Ed222e83Bbd88DC6cbb3B9A136299A23&apos;, &apos;0x22114F40Ed222e83Bbd88DC6cbb3B9A136299A23&apos;, 20000000000000000000, 10, b&apos;\x00\x00\x00\x00\x00\x00\x00\x00\x00\x00\x00\x00\x00\x00\x00\x00\x00\x00\x00\x00\x00\x00\x00\x00\x00\x00\x00\x00\x00\x00\x00\x00&apos;, 1528871145, 1, 0]

</system-err></testcase><testcase classname="test_timeout" file="test_timeout.py" line="35" name="test_proxy_fetched" time="9.093445301055908"><system-out>proxy: defaultAccount:0x22114F40Ed222e83Bbd88DC6cbb3B9A136299A23
</system-out><system-err>2018-06-12 23:25:37,974 [DEBUG] cpchain.chain.agents: Order record NO.3: [b&apos;\x00\x01\x02\x03\x00\x01\x02\x03\x00\x01\x02\x03\x00\x01\x02\x03\x00\x01\x02\x03\x00\x01\x02\x03\x00\x01\x02\x03\x00\x01\x02\x03&apos;, b&apos;0\x82\x02&quot;0\r\x06\t*\x86H\x86\xf7\r\x01\x01\x01\x05\x00\x03\x82\x02\x0f\x000\x82\x02\n\x02\x82\x02\x01\x00\xba\xfcA\xe6\xe3\xe2\xeem\xb3\xf7\x11\x98\xba@\x84n*\xfc*\xe8\x8b&quot;\xf8\x08\xcb\x12\xc7\xf8\xe0_u\x81\x91\xfdO:\x81\xea\xfd\xae\xfa}\xdcG\x91\x8c\xff\xab\x84\x10~\xa0\xe5\x9c\x8f\x9a\xc2f\x98T\x10\xf9\xa1&quot;\x1d,/\x86\rk\x13\xadp\xa4\xe0\x08\x88D?\xfa\xd3\x82Q)\x07/\xc2L\xe1\xc8\xf4\x97\x92^\xa7\xd0ULe!\xca\x84Bp\xbd\xbc\xd7\xc5\x94\x93\xa0\x89\xca\\!\x11\x8b\xd4d\x9cv*\x16?\xa1\x0e\xe9\xc9Z\xd0\xd8\x89\x9c\xbf\xa7\xb1K\x1e\x97\x81]\x83\xe6\xc9\x0c\xc4q\x8cPTt&amp;I\xc6\x00\xeb\xe6&amp;\xe9p\x9bQi\xc1\xdd:\xac\xc0\x15d\xd3\xbe\x11\xfb\x01\xf58\x1a\xaa\xfc\x96\xe9Y\x02S4\xbf\xa9\x10\xcd/5%q\xf7\x9f|\xcc\x88\x9f\xd1\xf4\x9c\xe9\xca*\xe7\xf6\xfdZ+\x17\x95n\x91\xd5j\xe84w\xcb4\t\x1bp\xe2#o\xbd\xf7h\xb9Z\xda\xeb\xf0%\xae\x84\xe0o,\x1bj\xd2\xf15j\x1b2\xb4zRM\xcc\x93\xaf\x9a\x88-\x99(\x81\x03\xd7Z\xcd\xdeV6\xe4\x8c\xef\xfbd.g\x93\xd9\xb28\xa4Y\x1aK&quot;J\xf8_\xc0\x113\x08v\xeb\xdc0\x8c\x7f`\xd8\x17\xe9\xf5\x1f8}\x1c5k\x82\xbc\x92m\xb0\xea\xb4\x9f\xc4\x02\xb1\xef8s=ra,\x03Y\x03\xe2\xc4\x1et\xabt!7\xa9\xa5\xa6\xa5ub\x00\x9ag\xb0\x9dm\xbb\xec&lt;\xdew\xc9\xb8\x11\x90\xa5PZ!,\x07#\xba\x0b\xdbc?\x86\x14\xdf\xcd\xa1/\x11\x9e\x0b\nK\xc5\x8eS\x0cU\x89\xf9_\xe8.\x01oJ\xa0@\xb6\xb0\xb7\xebG_\x81\x15\xa9\xe14\x92\x86\x82\x1c\xb5\xc5^\xb0\x13\xc8\xf9\x90\xa6\\\x80\x0f\x14S\x04\x9f\xd9\xd8+\xc5w\x1c\x89\x17\xd1\xdd\x11&quot;\xe2\x84]Ph\x90IJF$@\xea;\xd1g\xde\\\x14A\xbf\xefH~@\xfd\xc2\xed\x81f\xd2\x89\xb7\x06L\xe0w\x01\xe48\xe4\xeb\x83\x00\x7f\xb2\x8c\xf7\x07^\xda\x97\x81m\xde\xa5\xb0\xee\x08\xdaI\x11\x87JZ6\xd3\xed\&apos;?e\x95\x02\x03\x01\x00\x01&apos;, &apos;0x22114F40Ed222e83Bbd88DC6cbb3B9A136299A23&apos;, &apos;0x22114F40Ed222e83Bbd88DC6cbb3B9A136299A23&apos;, &apos;0x22114F40Ed222e83Bbd88DC6cbb3B9A136299A23&apos;, &apos;0x22114F40Ed222e83Bbd88DC6cbb3B9A136299A23&apos;, 20000000000000000000, 10, b&apos;\x00\x00\x00\x00\x00\x00\x00\x00\x00\x00\x00\x00\x00\x00\x00\x00\x00\x00\x00\x00\x00\x00\x00\x00\x00\x00\x00\x00\x00\x00\x00\x00&apos;, 1528871145, 1, 0]

2018-06-12 23:25:46,952 [DEBUG] cpchain.chain.agents: Order record NO.3: [b&apos;\x00\x01\x02\x03\x00\x01\x02\x03\x00\x01\x02\x03\x00\x01\x02\x03\x00\x01\x02\x03\x00\x01\x02\x03\x00\x01\x02\x03\x00\x01\x02\x03&apos;, b&apos;0\x82\x02&quot;0\r\x06\t*\x86H\x86\xf7\r\x01\x01\x01\x05\x00\x03\x82\x02\x0f\x000\x82\x02\n\x02\x82\x02\x01\x00\xba\xfcA\xe6\xe3\xe2\xeem\xb3\xf7\x11\x98\xba@\x84n*\xfc*\xe8\x8b&quot;\xf8\x08\xcb\x12\xc7\xf8\xe0_u\x81\x91\xfdO:\x81\xea\xfd\xae\xfa}\xdcG\x91\x8c\xff\xab\x84\x10~\xa0\xe5\x9c\x8f\x9a\xc2f\x98T\x10\xf9\xa1&quot;\x1d,/\x86\rk\x13\xadp\xa4\xe0\x08\x88D?\xfa\xd3\x82Q)\x07/\xc2L\xe1\xc8\xf4\x97\x92^\xa7\xd0ULe!\xca\x84Bp\xbd\xbc\xd7\xc5\x94\x93\xa0\x89\xca\\!\x11\x8b\xd4d\x9cv*\x16?\xa1\x0e\xe9\xc9Z\xd0\xd8\x89\x9c\xbf\xa7\xb1K\x1e\x97\x81]\x83\xe6\xc9\x0c\xc4q\x8cPTt&amp;I\xc6\x00\xeb\xe6&amp;\xe9p\x9bQi\xc1\xdd:\xac\xc0\x15d\xd3\xbe\x11\xfb\x01\xf58\x1a\xaa\xfc\x96\xe9Y\x02S4\xbf\xa9\x10\xcd/5%q\xf7\x9f|\xcc\x88\x9f\xd1\xf4\x9c\xe9\xca*\xe7\xf6\xfdZ+\x17\x95n\x91\xd5j\xe84w\xcb4\t\x1bp\xe2#o\xbd\xf7h\xb9Z\xda\xeb\xf0%\xae\x84\xe0o,\x1bj\xd2\xf15j\x1b2\xb4zRM\xcc\x93\xaf\x9a\x88-\x99(\x81\x03\xd7Z\xcd\xdeV6\xe4\x8c\xef\xfbd.g\x93\xd9\xb28\xa4Y\x1aK&quot;J\xf8_\xc0\x113\x08v\xeb\xdc0\x8c\x7f`\xd8\x17\xe9\xf5\x1f8}\x1c5k\x82\xbc\x92m\xb0\xea\xb4\x9f\xc4\x02\xb1\xef8s=ra,\x03Y\x03\xe2\xc4\x1et\xabt!7\xa9\xa5\xa6\xa5ub\x00\x9ag\xb0\x9dm\xbb\xec&lt;\xdew\xc9\xb8\x11\x90\xa5PZ!,\x07#\xba\x0b\xdbc?\x86\x14\xdf\xcd\xa1/\x11\x9e\x0b\nK\xc5\x8eS\x0cU\x89\xf9_\xe8.\x01oJ\xa0@\xb6\xb0\xb7\xebG_\x81\x15\xa9\xe14\x92\x86\x82\x1c\xb5\xc5^\xb0\x13\xc8\xf9\x90\xa6\\\x80\x0f\x14S\x04\x9f\xd9\xd8+\xc5w\x1c\x89\x17\xd1\xdd\x11&quot;\xe2\x84]Ph\x90IJF$@\xea;\xd1g\xde\\\x14A\xbf\xefH~@\xfd\xc2\xed\x81f\xd2\x89\xb7\x06L\xe0w\x01\xe48\xe4\xeb\x83\x00\x7f\xb2\x8c\xf7\x07^\xda\x97\x81m\xde\xa5\xb0\xee\x08\xdaI\x11\x87JZ6\xd3\xed\&apos;?e\x95\x02\x03\x01\x00\x01&apos;, &apos;0x22114F40Ed222e83Bbd88DC6cbb3B9A136299A23&apos;, &apos;0x22114F40Ed222e83Bbd88DC6cbb3B9A136299A23&apos;, &apos;0x22114F40Ed222e83Bbd88DC6cbb3B9A136299A23&apos;, &apos;0x22114F40Ed222e83Bbd88DC6cbb3B9A136299A23&apos;, 20000000000000000000, 10, b&apos;\x00\x00\x00\x00\x00\x00\x00\x00\x00\x00\x00\x00\x00\x00\x00\x00\x00\x00\x00\x00\x00\x00\x00\x00\x00\x00\x00\x00\x00\x00\x00\x00&apos;, 1528871145, 2, 0]

</system-err></testcase><testcase classname="test_timeout" file="test_timeout.py" line="41" name="test_proxy_delivered" time="2.198509931564331"><failure message="assert 2 == 3">ptrans = &lt;cpchain.chain.agents.ProxyAgent object at 0x7f819b792f98&gt;

    def test_proxy_delivered(ptrans):
        ptrans.claim_delivered(test_trans_id, bytes([0, 1, 2, 3] * 8))
        test_record = ptrans.query_order(test_trans_id)
&gt;       assert test_record[10] == 3
E       assert 2 == 3

tests/chain/test_timeout.py:45: AssertionError</failure><system-out>proxy: defaultAccount:0x22114F40Ed222e83Bbd88DC6cbb3B9A136299A23
</system-out><system-err>2018-06-12 23:25:49,137 [DEBUG] cpchain.chain.agents: Order record NO.3: [b&apos;\x00\x01\x02\x03\x00\x01\x02\x03\x00\x01\x02\x03\x00\x01\x02\x03\x00\x01\x02\x03\x00\x01\x02\x03\x00\x01\x02\x03\x00\x01\x02\x03&apos;, b&apos;0\x82\x02&quot;0\r\x06\t*\x86H\x86\xf7\r\x01\x01\x01\x05\x00\x03\x82\x02\x0f\x000\x82\x02\n\x02\x82\x02\x01\x00\xba\xfcA\xe6\xe3\xe2\xeem\xb3\xf7\x11\x98\xba@\x84n*\xfc*\xe8\x8b&quot;\xf8\x08\xcb\x12\xc7\xf8\xe0_u\x81\x91\xfdO:\x81\xea\xfd\xae\xfa}\xdcG\x91\x8c\xff\xab\x84\x10~\xa0\xe5\x9c\x8f\x9a\xc2f\x98T\x10\xf9\xa1&quot;\x1d,/\x86\rk\x13\xadp\xa4\xe0\x08\x88D?\xfa\xd3\x82Q)\x07/\xc2L\xe1\xc8\xf4\x97\x92^\xa7\xd0ULe!\xca\x84Bp\xbd\xbc\xd7\xc5\x94\x93\xa0\x89\xca\\!\x11\x8b\xd4d\x9cv*\x16?\xa1\x0e\xe9\xc9Z\xd0\xd8\x89\x9c\xbf\xa7\xb1K\x1e\x97\x81]\x83\xe6\xc9\x0c\xc4q\x8cPTt&amp;I\xc6\x00\xeb\xe6&amp;\xe9p\x9bQi\xc1\xdd:\xac\xc0\x15d\xd3\xbe\x11\xfb\x01\xf58\x1a\xaa\xfc\x96\xe9Y\x02S4\xbf\xa9\x10\xcd/5%q\xf7\x9f|\xcc\x88\x9f\xd1\xf4\x9c\xe9\xca*\xe7\xf6\xfdZ+\x17\x95n\x91\xd5j\xe84w\xcb4\t\x1bp\xe2#o\xbd\xf7h\xb9Z\xda\xeb\xf0%\xae\x84\xe0o,\x1bj\xd2\xf15j\x1b2\xb4zRM\xcc\x93\xaf\x9a\x88-\x99(\x81\x03\xd7Z\xcd\xdeV6\xe4\x8c\xef\xfbd.g\x93\xd9\xb28\xa4Y\x1aK&quot;J\xf8_\xc0\x113\x08v\xeb\xdc0\x8c\x7f`\xd8\x17\xe9\xf5\x1f8}\x1c5k\x82\xbc\x92m\xb0\xea\xb4\x9f\xc4\x02\xb1\xef8s=ra,\x03Y\x03\xe2\xc4\x1et\xabt!7\xa9\xa5\xa6\xa5ub\x00\x9ag\xb0\x9dm\xbb\xec&lt;\xdew\xc9\xb8\x11\x90\xa5PZ!,\x07#\xba\x0b\xdbc?\x86\x14\xdf\xcd\xa1/\x11\x9e\x0b\nK\xc5\x8eS\x0cU\x89\xf9_\xe8.\x01oJ\xa0@\xb6\xb0\xb7\xebG_\x81\x15\xa9\xe14\x92\x86\x82\x1c\xb5\xc5^\xb0\x13\xc8\xf9\x90\xa6\\\x80\x0f\x14S\x04\x9f\xd9\xd8+\xc5w\x1c\x89\x17\xd1\xdd\x11&quot;\xe2\x84]Ph\x90IJF$@\xea;\xd1g\xde\\\x14A\xbf\xefH~@\xfd\xc2\xed\x81f\xd2\x89\xb7\x06L\xe0w\x01\xe48\xe4\xeb\x83\x00\x7f\xb2\x8c\xf7\x07^\xda\x97\x81m\xde\xa5\xb0\xee\x08\xdaI\x11\x87JZ6\xd3\xed\&apos;?e\x95\x02\x03\x01\x00\x01&apos;, &apos;0x22114F40Ed222e83Bbd88DC6cbb3B9A136299A23&apos;, &apos;0x22114F40Ed222e83Bbd88DC6cbb3B9A136299A23&apos;, &apos;0x22114F40Ed222e83Bbd88DC6cbb3B9A136299A23&apos;, &apos;0x22114F40Ed222e83Bbd88DC6cbb3B9A136299A23&apos;, 20000000000000000000, 10, b&apos;\x00\x00\x00\x00\x00\x00\x00\x00\x00\x00\x00\x00\x00\x00\x00\x00\x00\x00\x00\x00\x00\x00\x00\x00\x00\x00\x00\x00\x00\x00\x00\x00&apos;, 1528871145, 2, 0]

</system-err></testcase><testcase classname="test_timeout" file="test_timeout.py" line="47" name="test_seller_claim_timeout" time="33.052473306655884"><failure message="assert 2 == 5">strans = &lt;cpchain.chain.agents.SellerAgent object at 0x7f819b8cec88&gt;

    def test_seller_claim_timeout(strans):
        time.sleep(time_allowed + 5)
        strans.claim_timeout(test_trans_id)
        test_record = strans.query_order(test_trans_id)
        # Check time out is emitted and order is finished
&gt;       assert test_record[10] == 5
E       assert 2 == 5

tests/chain/test_timeout.py:53: AssertionError</failure><system-out>seller: defaultAccount:0x22114F40Ed222e83Bbd88DC6cbb3B9A136299A23
</system-out><system-err>2018-06-12 23:26:14,035 [DEBUG] cpchain.chain.agents: Your money is claimed because of time out! Tx hash b&quot;\xa5\x9f\xc2\x07\xc8\xa9\xe8&apos;\xba;7\xc8\xd6\x06\x93-c&lt;&lt;1\x96\r\x9c\xff\xf7\x89O\xdaw\x87\x0b#&quot;
2018-06-12 23:26:21,919 [DEBUG] cpchain.chain.agents: Order record NO.3: [b&apos;\x00\x01\x02\x03\x00\x01\x02\x03\x00\x01\x02\x03\x00\x01\x02\x03\x00\x01\x02\x03\x00\x01\x02\x03\x00\x01\x02\x03\x00\x01\x02\x03&apos;, b&apos;0\x82\x02&quot;0\r\x06\t*\x86H\x86\xf7\r\x01\x01\x01\x05\x00\x03\x82\x02\x0f\x000\x82\x02\n\x02\x82\x02\x01\x00\xba\xfcA\xe6\xe3\xe2\xeem\xb3\xf7\x11\x98\xba@\x84n*\xfc*\xe8\x8b&quot;\xf8\x08\xcb\x12\xc7\xf8\xe0_u\x81\x91\xfdO:\x81\xea\xfd\xae\xfa}\xdcG\x91\x8c\xff\xab\x84\x10~\xa0\xe5\x9c\x8f\x9a\xc2f\x98T\x10\xf9\xa1&quot;\x1d,/\x86\rk\x13\xadp\xa4\xe0\x08\x88D?\xfa\xd3\x82Q)\x07/\xc2L\xe1\xc8\xf4\x97\x92^\xa7\xd0ULe!\xca\x84Bp\xbd\xbc\xd7\xc5\x94\x93\xa0\x89\xca\\!\x11\x8b\xd4d\x9cv*\x16?\xa1\x0e\xe9\xc9Z\xd0\xd8\x89\x9c\xbf\xa7\xb1K\x1e\x97\x81]\x83\xe6\xc9\x0c\xc4q\x8cPTt&amp;I\xc6\x00\xeb\xe6&amp;\xe9p\x9bQi\xc1\xdd:\xac\xc0\x15d\xd3\xbe\x11\xfb\x01\xf58\x1a\xaa\xfc\x96\xe9Y\x02S4\xbf\xa9\x10\xcd/5%q\xf7\x9f|\xcc\x88\x9f\xd1\xf4\x9c\xe9\xca*\xe7\xf6\xfdZ+\x17\x95n\x91\xd5j\xe84w\xcb4\t\x1bp\xe2#o\xbd\xf7h\xb9Z\xda\xeb\xf0%\xae\x84\xe0o,\x1bj\xd2\xf15j\x1b2\xb4zRM\xcc\x93\xaf\x9a\x88-\x99(\x81\x03\xd7Z\xcd\xdeV6\xe4\x8c\xef\xfbd.g\x93\xd9\xb28\xa4Y\x1aK&quot;J\xf8_\xc0\x113\x08v\xeb\xdc0\x8c\x7f`\xd8\x17\xe9\xf5\x1f8}\x1c5k\x82\xbc\x92m\xb0\xea\xb4\x9f\xc4\x02\xb1\xef8s=ra,\x03Y\x03\xe2\xc4\x1et\xabt!7\xa9\xa5\xa6\xa5ub\x00\x9ag\xb0\x9dm\xbb\xec&lt;\xdew\xc9\xb8\x11\x90\xa5PZ!,\x07#\xba\x0b\xdbc?\x86\x14\xdf\xcd\xa1/\x11\x9e\x0b\nK\xc5\x8eS\x0cU\x89\xf9_\xe8.\x01oJ\xa0@\xb6\xb0\xb7\xebG_\x81\x15\xa9\xe14\x92\x86\x82\x1c\xb5\xc5^\xb0\x13\xc8\xf9\x90\xa6\\\x80\x0f\x14S\x04\x9f\xd9\xd8+\xc5w\x1c\x89\x17\xd1\xdd\x11&quot;\xe2\x84]Ph\x90IJF$@\xea;\xd1g\xde\\\x14A\xbf\xefH~@\xfd\xc2\xed\x81f\xd2\x89\xb7\x06L\xe0w\x01\xe48\xe4\xeb\x83\x00\x7f\xb2\x8c\xf7\x07^\xda\x97\x81m\xde\xa5\xb0\xee\x08\xdaI\x11\x87JZ6\xd3\xed\&apos;?e\x95\x02\x03\x01\x00\x01&apos;, &apos;0x22114F40Ed222e83Bbd88DC6cbb3B9A136299A23&apos;, &apos;0x22114F40Ed222e83Bbd88DC6cbb3B9A136299A23&apos;, &apos;0x22114F40Ed222e83Bbd88DC6cbb3B9A136299A23&apos;, &apos;0x22114F40Ed222e83Bbd88DC6cbb3B9A136299A23&apos;, 20000000000000000000, 10, b&apos;\x00\x00\x00\x00\x00\x00\x00\x00\x00\x00\x00\x00\x00\x00\x00\x00\x00\x00\x00\x00\x00\x00\x00\x00\x00\x00\x00\x00\x00\x00\x00\x00&apos;, 1528871145, 2, 0]

</system-err></testcase><testcase classname="test_withdraw_order" file="test_withdraw_order.py" line="6" name="test_place_order" time="19.191906213760376"><system-out>buyer: defaultAccount:0x22114F40Ed222e83Bbd88DC6cbb3B9A136299A23
</system-out><system-err>2018-06-12 23:26:37,995 [DEBUG] cpchain.chain.agents: Thank you for using CPChain! Initiated Tx hash b&apos;\xb2o\xcf\x04\x86\xdb:\x1b\x08\x1a\x02\x15DO\xc1\x84\xc16\xf2\xbf\xca\x83z\x0c\xca\xd20=L\x07\xc5\x04&apos;
2018-06-12 23:26:41,105 [DEBUG] cpchain.chain.agents: TransactionID: 4
2018-06-12 23:26:41,121 [DEBUG] cpchain.chain.agents: Order record NO.4: [b&apos;\x00\x01\x02\x03\x00\x01\x02\x03\x00\x01\x02\x03\x00\x01\x02\x03\x00\x01\x02\x03\x00\x01\x02\x03\x00\x01\x02\x03\x00\x01\x02\x03&apos;, b&apos;0\x82\x02&quot;0\r\x06\t*\x86H\x86\xf7\r\x01\x01\x01\x05\x00\x03\x82\x02\x0f\x000\x82\x02\n\x02\x82\x02\x01\x00\xba\xfcA\xe6\xe3\xe2\xeem\xb3\xf7\x11\x98\xba@\x84n*\xfc*\xe8\x8b&quot;\xf8\x08\xcb\x12\xc7\xf8\xe0_u\x81\x91\xfdO:\x81\xea\xfd\xae\xfa}\xdcG\x91\x8c\xff\xab\x84\x10~\xa0\xe5\x9c\x8f\x9a\xc2f\x98T\x10\xf9\xa1&quot;\x1d,/\x86\rk\x13\xadp\xa4\xe0\x08\x88D?\xfa\xd3\x82Q)\x07/\xc2L\xe1\xc8\xf4\x97\x92^\xa7\xd0ULe!\xca\x84Bp\xbd\xbc\xd7\xc5\x94\x93\xa0\x89\xca\\!\x11\x8b\xd4d\x9cv*\x16?\xa1\x0e\xe9\xc9Z\xd0\xd8\x89\x9c\xbf\xa7\xb1K\x1e\x97\x81]\x83\xe6\xc9\x0c\xc4q\x8cPTt&amp;I\xc6\x00\xeb\xe6&amp;\xe9p\x9bQi\xc1\xdd:\xac\xc0\x15d\xd3\xbe\x11\xfb\x01\xf58\x1a\xaa\xfc\x96\xe9Y\x02S4\xbf\xa9\x10\xcd/5%q\xf7\x9f|\xcc\x88\x9f\xd1\xf4\x9c\xe9\xca*\xe7\xf6\xfdZ+\x17\x95n\x91\xd5j\xe84w\xcb4\t\x1bp\xe2#o\xbd\xf7h\xb9Z\xda\xeb\xf0%\xae\x84\xe0o,\x1bj\xd2\xf15j\x1b2\xb4zRM\xcc\x93\xaf\x9a\x88-\x99(\x81\x03\xd7Z\xcd\xdeV6\xe4\x8c\xef\xfbd.g\x93\xd9\xb28\xa4Y\x1aK&quot;J\xf8_\xc0\x113\x08v\xeb\xdc0\x8c\x7f`\xd8\x17\xe9\xf5\x1f8}\x1c5k\x82\xbc\x92m\xb0\xea\xb4\x9f\xc4\x02\xb1\xef8s=ra,\x03Y\x03\xe2\xc4\x1et\xabt!7\xa9\xa5\xa6\xa5ub\x00\x9ag\xb0\x9dm\xbb\xec&lt;\xdew\xc9\xb8\x11\x90\xa5PZ!,\x07#\xba\x0b\xdbc?\x86\x14\xdf\xcd\xa1/\x11\x9e\x0b\nK\xc5\x8eS\x0cU\x89\xf9_\xe8.\x01oJ\xa0@\xb6\xb0\xb7\xebG_\x81\x15\xa9\xe14\x92\x86\x82\x1c\xb5\xc5^\xb0\x13\xc8\xf9\x90\xa6\\\x80\x0f\x14S\x04\x9f\xd9\xd8+\xc5w\x1c\x89\x17\xd1\xdd\x11&quot;\xe2\x84]Ph\x90IJF$@\xea;\xd1g\xde\\\x14A\xbf\xefH~@\xfd\xc2\xed\x81f\xd2\x89\xb7\x06L\xe0w\x01\xe48\xe4\xeb\x83\x00\x7f\xb2\x8c\xf7\x07^\xda\x97\x81m\xde\xa5\xb0\xee\x08\xdaI\x11\x87JZ6\xd3\xed\&apos;?e\x95\x02\x03\x01\x00\x01&apos;, &apos;0x22114F40Ed222e83Bbd88DC6cbb3B9A136299A23&apos;, &apos;0x22114F40Ed222e83Bbd88DC6cbb3B9A136299A23&apos;, &apos;0x22114F40Ed222e83Bbd88DC6cbb3B9A136299A23&apos;, &apos;0x22114F40Ed222e83Bbd88DC6cbb3B9A136299A23&apos;, 20000000000000000000, 10, b&apos;\x00\x00\x00\x00\x00\x00\x00\x00\x00\x00\x00\x00\x00\x00\x00\x00\x00\x00\x00\x00\x00\x00\x00\x00\x00\x00\x00\x00\x00\x00\x00\x00&apos;, 1528871260, 0, 0]

</system-err></testcase><testcase classname="test_withdraw_order" file="test_withdraw_order.py" line="27" name="test_withdraw_order" time="5.7912492752075195"><system-err>2018-06-12 23:26:41,207 [DEBUG] cpchain.chain.agents: Thank you for your using! Order is withdrawn, Tx hash b&apos;6CT\x04\xb5\xbf\x11\xe3\x1f\xb6*Az\xfa\xc1\xdd3\x11J\xa6?\xe8x\xd8L2?3\xfc\x96)B&apos;
2018-06-12 23:26:46,913 [DEBUG] cpchain.chain.agents: Order record NO.4: [b&apos;\x00\x01\x02\x03\x00\x01\x02\x03\x00\x01\x02\x03\x00\x01\x02\x03\x00\x01\x02\x03\x00\x01\x02\x03\x00\x01\x02\x03\x00\x01\x02\x03&apos;, b&apos;0\x82\x02&quot;0\r\x06\t*\x86H\x86\xf7\r\x01\x01\x01\x05\x00\x03\x82\x02\x0f\x000\x82\x02\n\x02\x82\x02\x01\x00\xba\xfcA\xe6\xe3\xe2\xeem\xb3\xf7\x11\x98\xba@\x84n*\xfc*\xe8\x8b&quot;\xf8\x08\xcb\x12\xc7\xf8\xe0_u\x81\x91\xfdO:\x81\xea\xfd\xae\xfa}\xdcG\x91\x8c\xff\xab\x84\x10~\xa0\xe5\x9c\x8f\x9a\xc2f\x98T\x10\xf9\xa1&quot;\x1d,/\x86\rk\x13\xadp\xa4\xe0\x08\x88D?\xfa\xd3\x82Q)\x07/\xc2L\xe1\xc8\xf4\x97\x92^\xa7\xd0ULe!\xca\x84Bp\xbd\xbc\xd7\xc5\x94\x93\xa0\x89\xca\\!\x11\x8b\xd4d\x9cv*\x16?\xa1\x0e\xe9\xc9Z\xd0\xd8\x89\x9c\xbf\xa7\xb1K\x1e\x97\x81]\x83\xe6\xc9\x0c\xc4q\x8cPTt&amp;I\xc6\x00\xeb\xe6&amp;\xe9p\x9bQi\xc1\xdd:\xac\xc0\x15d\xd3\xbe\x11\xfb\x01\xf58\x1a\xaa\xfc\x96\xe9Y\x02S4\xbf\xa9\x10\xcd/5%q\xf7\x9f|\xcc\x88\x9f\xd1\xf4\x9c\xe9\xca*\xe7\xf6\xfdZ+\x17\x95n\x91\xd5j\xe84w\xcb4\t\x1bp\xe2#o\xbd\xf7h\xb9Z\xda\xeb\xf0%\xae\x84\xe0o,\x1bj\xd2\xf15j\x1b2\xb4zRM\xcc\x93\xaf\x9a\x88-\x99(\x81\x03\xd7Z\xcd\xdeV6\xe4\x8c\xef\xfbd.g\x93\xd9\xb28\xa4Y\x1aK&quot;J\xf8_\xc0\x113\x08v\xeb\xdc0\x8c\x7f`\xd8\x17\xe9\xf5\x1f8}\x1c5k\x82\xbc\x92m\xb0\xea\xb4\x9f\xc4\x02\xb1\xef8s=ra,\x03Y\x03\xe2\xc4\x1et\xabt!7\xa9\xa5\xa6\xa5ub\x00\x9ag\xb0\x9dm\xbb\xec&lt;\xdew\xc9\xb8\x11\x90\xa5PZ!,\x07#\xba\x0b\xdbc?\x86\x14\xdf\xcd\xa1/\x11\x9e\x0b\nK\xc5\x8eS\x0cU\x89\xf9_\xe8.\x01oJ\xa0@\xb6\xb0\xb7\xebG_\x81\x15\xa9\xe14\x92\x86\x82\x1c\xb5\xc5^\xb0\x13\xc8\xf9\x90\xa6\\\x80\x0f\x14S\x04\x9f\xd9\xd8+\xc5w\x1c\x89\x17\xd1\xdd\x11&quot;\xe2\x84]Ph\x90IJF$@\xea;\xd1g\xde\\\x14A\xbf\xefH~@\xfd\xc2\xed\x81f\xd2\x89\xb7\x06L\xe0w\x01\xe48\xe4\xeb\x83\x00\x7f\xb2\x8c\xf7\x07^\xda\x97\x81m\xde\xa5\xb0\xee\x08\xdaI\x11\x87JZ6\xd3\xed\&apos;?e\x95\x02\x03\x01\x00\x01&apos;, &apos;0x22114F40Ed222e83Bbd88DC6cbb3B9A136299A23&apos;, &apos;0x22114F40Ed222e83Bbd88DC6cbb3B9A136299A23&apos;, &apos;0x22114F40Ed222e83Bbd88DC6cbb3B9A136299A23&apos;, &apos;0x22114F40Ed222e83Bbd88DC6cbb3B9A136299A23&apos;, 20000000000000000000, 10, b&apos;\x00\x00\x00\x00\x00\x00\x00\x00\x00\x00\x00\x00\x00\x00\x00\x00\x00\x00\x00\x00\x00\x00\x00\x00\x00\x00\x00\x00\x00\x00\x00\x00&apos;, 1528871260, 9, 0]

</system-err></testcase></testsuite>